GROUP,PACKAGE,CLASS,INSTRUCTION_MISSED,INSTRUCTION_COVERED,BRANCH_MISSED,BRANCH_COVERED,LINE_MISSED,LINE_COVERED,COMPLEXITY_MISSED,COMPLEXITY_COVERED,METHOD_MISSED,METHOD_COVERED
spf4j-core,org.spf4j.pool.impl,ObjectHolderFactory,41,30,3,3,8,9,5,3,2,3
spf4j-core,org.spf4j.pool.impl,ObjectPoolBuilder.1.new Scanable.ScanHandler() {...},0,10,0,0,0,3,0,2,0,2
spf4j-core,org.spf4j.pool.impl,SimpleSmartObjectPool,386,417,59,33,45,90,34,20,0,8
spf4j-core,org.spf4j.pool.impl,LocalObjectPool,158,232,13,19,15,57,14,12,2,8
spf4j-core,org.spf4j.pool.impl,ObjectPoolBuilder,34,75,2,4,11,18,7,4,5,3
spf4j-core,org.spf4j.pool.impl,ObjectPoolBuilder.new AbstractRunnable() {...},0,29,1,1,0,5,1,2,0,2
spf4j-core,org.spf4j.pool.impl,ScalableObjectPool,0,62,0,0,0,13,0,7,0,7
spf4j-core,org.spf4j.pool.impl,ObjectHolder,84,110,15,13,21,28,13,11,2,8
spf4j-core,org.spf4j.pool.impl,ObjectPoolWrapper,113,0,10,0,31,0,10,0,5,0
spf4j-core,org.spf4j.pool.impl,ScalableObjectPool.new ThreadLocal() {...},0,13,0,0,0,2,0,2,0,2
spf4j-core,org.spf4j.perf.annotations,RecorderSourceInstance,3,0,0,0,2,0,1,0,1,0
spf4j-core,org.spf4j.perf.annotations,RecorderSourceInstance.Rs5m,14,0,0,0,2,0,2,0,2,0
spf4j-core,org.spf4j.perf.annotations,RecorderSourceInstance.Rs15m,14,0,0,0,2,0,2,0,2,0
spf4j-core,org.spf4j.perf.annotations,RecorderSourceInstance.RsNop,7,0,0,0,2,0,2,0,2,0
spf4j-core,org.spf4j.perf.annotations,RecorderSourceInstance.Rs1h,14,0,0,0,2,0,2,0,2,0
spf4j-core,org.spf4j.perf.annotations,RecorderSourceInstance.Rs1m,14,0,0,0,2,0,2,0,2,0
spf4j-core,org.spf4j.perf.impl.chart,QuantizedXYZDatasetImpl.NumberTickUnitImpl,120,34,18,2,19,10,12,2,2,2
spf4j-core,org.spf4j.perf.impl.chart,QuantizedXYZDatasetImpl,70,323,6,20,12,73,14,20,8,13
spf4j-core,org.spf4j.perf.impl.chart,Charts,30,449,4,14,6,79,4,14,1,8
spf4j-core,org.spf4j.perf.impl.chart,QuantizedXYZDatasetImpl.new NumberTickUnit() {...},4,39,2,4,2,8,2,3,0,2
spf4j-core,org.spf4j.perf.impl.chart,InverseGrayScale,118,89,13,5,23,17,13,6,5,5
spf4j-core,org.spf4j.concurrent,RetryExecutor.RetryableCallable.new Callable() {...},21,0,0,0,3,0,2,0,2,0
spf4j-core,org.spf4j.concurrent,RetryExecutor.RetryManager,31,131,2,8,12,20,3,5,1,2
spf4j-core,org.spf4j.concurrent,RetryExecutor.new FutureBean() {...},0,13,0,0,0,3,0,2,0,2
spf4j-core,org.spf4j.concurrent,FutureBean,43,35,5,3,11,12,8,6,5,5
spf4j-core,org.spf4j.concurrent,RetryExecutor,155,83,7,5,36,24,17,6,13,4
spf4j-core,org.spf4j.concurrent,RetryExecutor.RetryableCallable,25,60,2,2,5,15,3,3,1,3
spf4j-core,org.spf4j.concurrent,RetryExecutor.FailedExecutionResult,37,60,9,3,9,18,7,8,2,7
spf4j-core,org.spf4j.pool,ObjectBorower,0,5,0,0,0,1,0,1,0,1
spf4j-core,org.spf4j.pool,Template.new Callable() {...},20,0,0,0,3,0,2,0,2,0
spf4j-core,org.spf4j.pool,PoolException,12,4,0,0,6,2,3,1,3,1
spf4j-core,org.spf4j.pool,Template,67,13,2,0,18,6,3,1,2,1
spf4j-core,org.spf4j.pool,ObjectCreationException,16,0,0,0,8,0,4,0,4,0
spf4j-core,org.spf4j.pool,ObjectBorrowException,16,0,0,0,8,0,4,0,4,0
spf4j-core,org.spf4j.pool,ObjectReturnException,16,0,0,0,8,0,4,0,4,0
spf4j-core,org.spf4j.pool,ObjectDisposeException,12,4,0,0,6,2,3,1,3,1
spf4j-core,org.spf4j.perf.tsdb,DataFragment,61,274,0,8,5,67,3,17,3,13
spf4j-core,org.spf4j.perf.tsdb,Header,78,88,3,3,12,28,7,3,4,3
spf4j-core,org.spf4j.perf.tsdb,ColumnInfo,55,453,1,11,7,100,4,22,3,17
spf4j-core,org.spf4j.perf.tsdb,TableOfContents,45,122,0,0,2,40,2,6,2,6
spf4j-core,org.spf4j.perf.tsdb,TimeSeriesDatabase,230,483,8,28,29,94,14,24,8,12
spf4j-core,org.spf4j.base,RTree,1565,437,181,47,254,77,122,23,19,12
spf4j-core,org.spf4j.base,Strings,4,120,3,17,2,34,4,10,1,3
spf4j-core,org.spf4j.base,Runtime.LineCountCharHandler,19,0,2,0,7,0,4,0,3,0
spf4j-core,org.spf4j.base,Runtime.StringBuilderCharHandler,19,0,0,0,6,0,3,0,3,0
spf4j-core,org.spf4j.base,Throwables.new PrivilegedAction() {...},12,18,0,0,4,4,0,2,0,2
spf4j-core,org.spf4j.base,Throwables.new PrivilegedAction() {...},0,8,0,0,0,3,0,2,0,2
spf4j-core,org.spf4j.base,AbstractRunnable,16,32,2,2,5,13,2,4,0,4
spf4j-core,org.spf4j.base,DefaultScheduler,19,44,1,1,3,7,2,2,1,2
spf4j-core,org.spf4j.base,Callables.RetryPause,6,49,3,7,0,13,3,5,0,3
spf4j-core,org.spf4j.base,CustomThreadFactory,6,68,2,2,1,12,2,3,0,3
spf4j-core,org.spf4j.base,Pair,42,131,12,12,9,23,14,7,2,7
spf4j-core,org.spf4j.base,InstrumentationHelper,10,0,0,0,4,0,3,0,3,0
spf4j-core,org.spf4j.base,Throwables,43,116,0,4,11,31,1,6,1,4
spf4j-core,org.spf4j.base,RTree.Node,0,37,0,0,0,8,0,1,0,1
spf4j-core,org.spf4j.base,SuppressedThrowable,0,6,0,0,0,3,0,2,0,2
spf4j-core,org.spf4j.base,Callables,33,91,4,10,11,30,6,6,2,3
spf4j-core,org.spf4j.base,ComparablePair,7,25,1,1,1,5,1,3,0,3
spf4j-core,org.spf4j.base,RTree.SeedPicker,9,29,0,0,0,2,2,2,2,2
spf4j-core,org.spf4j.base,Runtime,175,0,14,0,41,0,13,0,6,0
spf4j-core,org.spf4j.base,RTree.Entry,10,10,0,0,1,3,1,1,1,1
spf4j-core,org.spf4j.base,Arrays,3,90,0,8,1,16,1,8,1,4
spf4j-core,org.spf4j.base,Callables.new Predicate() {...},0,5,0,0,0,2,0,2,0,2
spf4j-core,org.spf4j.base,HtmlUtils,728,1571,220,14,246,262,117,5,3,2
spf4j-core,org.spf4j.base,Callables.new Predicate() {...},6,3,2,0,1,1,2,1,1,1
spf4j-core,org.spf4j.base,Callables.new Predicate() {...},0,9,0,0,0,3,0,2,0,2
spf4j-core,org.spf4j.stackmonitor,Sampler,240,202,3,1,51,44,16,9,14,9
spf4j-core,org.spf4j.stackmonitor,Monitor.Options,0,21,0,0,0,7,0,1,0,1
spf4j-core,org.spf4j.stackmonitor,SimpleStackCollector,0,38,0,6,0,10,0,6,0,3
spf4j-core,org.spf4j.stackmonitor,WaitMethodClassifier,0,56,0,0,0,9,0,3,0,3
spf4j-core,org.spf4j.stackmonitor,MxStackCollector,0,48,0,6,0,10,0,6,0,3
spf4j-core,org.spf4j.stackmonitor,StackVisualizer,437,204,8,8,29,28,7,6,3,2
spf4j-core,org.spf4j.stackmonitor,AbstractStackCollector,40,107,0,2,8,17,1,6,1,5
spf4j-core,org.spf4j.stackmonitor,Method,29,129,12,8,6,28,11,10,1,10
spf4j-core,org.spf4j.stackmonitor,Monitor,84,121,8,6,20,24,7,4,1,3
spf4j-core,org.spf4j.stackmonitor,Sampler.new Function() {...},43,0,2,0,8,0,3,0,2,0
spf4j-core,org.spf4j.stackmonitor,Sampler.new Function() {...},38,0,2,0,7,0,3,0,2,0
spf4j-core,org.spf4j.stackmonitor,Sampler.new Function() {...},49,0,4,0,10,0,4,0,2,0
spf4j-core,org.spf4j.stackmonitor,Sampler.new Function() {...},6,36,1,1,2,7,1,2,0,2
spf4j-core,org.spf4j.stackmonitor,Sampler.new Function() {...},6,17,0,0,2,4,0,2,0,2
spf4j-core,org.spf4j.stackmonitor,Sampler.new Function() {...},42,0,2,0,8,0,3,0,2,0
spf4j-core,org.spf4j.stackmonitor,Sampler.new Function() {...},6,38,1,1,2,7,1,2,0,2
spf4j-core,org.spf4j.stackmonitor,Sampler.new AbstractRunnable() {...},15,39,1,3,4,8,1,3,0,2
spf4j-core,org.spf4j.stackmonitor,SampleNode,58,189,11,17,13,42,9,13,1,7
spf4j-core,org.spf4j.stackmonitor,Monitor.new Runnable() {...},21,18,0,0,6,1,1,1,1,1
spf4j-core,org.spf4j.perf.io,MeasuredFileOutputStream,90,0,0,0,29,0,8,0,8,0
spf4j-core,org.spf4j.perf.io,MeasuredOutputStream,61,0,0,0,18,0,6,0,6,0
spf4j-core,org.spf4j.perf.io,OpenFilesSampler.new AbstractRunnable() {...},6,0,0,0,3,0,2,0,2,0
spf4j-core,org.spf4j.perf.io,OpenFilesSampler.new AbstractRunnable() {...},65,0,4,0,8,0,4,0,2,0
spf4j-core,org.spf4j.perf.io,MeasuredFileInputStream,74,0,2,0,22,0,7,0,6,0
spf4j-core,org.spf4j.perf.io,OpenFilesSampler,53,0,4,0,14,0,6,0,4,0
spf4j-core,org.spf4j.perf.io,MeasuredInputStream,85,0,2,0,24,0,11,0,10,0
spf4j-core,org.spf4j.perf.impl,ScalableMeasurementRecorder,73,120,6,6,9,31,9,8,4,7
spf4j-core,org.spf4j.perf.impl,CountingRecorder,40,117,2,2,5,23,3,8,1,8
spf4j-core,org.spf4j.perf.impl,ScalableMeasurementRecorderSource.new AbstractRunnable() {...},8,54,1,3,1,8,1,3,0,2
spf4j-core,org.spf4j.perf.impl,ScalableMeasurementRecorderSource.new ThreadLocal() {...},5,28,0,0,0,6,0,2,0,2
spf4j-core,org.spf4j.perf.impl,ScalableMeasurementRecorderSource,28,153,1,7,2,36,1,9,0,6
spf4j-core,org.spf4j.perf.impl,NopMeasurementRecorder,9,0,0,0,3,0,3,0,3,0
spf4j-core,org.spf4j.perf.impl,NopMeasurementRecorderSource,10,0,0,0,3,0,3,0,3,0
spf4j-core,org.spf4j.perf.impl,QuantizedRecorder,132,653,18,44,17,116,22,25,5,11
spf4j-core,org.spf4j.perf.impl,EntityMeasurementsInfoImpl,59,62,18,0,13,12,11,7,2,7
spf4j-core,org.spf4j.perf.impl,ScalableMeasurementRecorder.new ThreadLocal() {...},5,33,0,0,0,6,0,2,0,2
spf4j-core,org.spf4j.perf.impl,ScalableMeasurementRecorder.new AbstractRunnable() {...},8,41,1,1,1,7,1,2,0,2
spf4j-core,org.spf4j.perf.impl,MinMaxAvgRecorder,228,0,8,0,37,0,14,0,10,0
spf4j-core,org.spf4j.perf.impl,Quanta,128,73,17,9,21,19,16,6,5,4
spf4j-core,org.spf4j.stackmonitor.proto.gen,ProtoSampleNodes.Method,119,232,17,21,31,64,33,19,18,15
spf4j-core,org.spf4j.stackmonitor.proto.gen,ProtoSampleNodes.Method.Builder,249,143,31,9,71,45,38,10,19,8
spf4j-core,org.spf4j.stackmonitor.proto.gen,ProtoSampleNodes.SamplePair.Builder,495,184,71,17,123,56,68,12,25,10
spf4j-core,org.spf4j.stackmonitor.proto.gen,ProtoSampleNodes.SamplePair,131,168,15,15,36,41,34,14,21,12
spf4j-core,org.spf4j.stackmonitor.proto.gen,ProtoSampleNodes.SampleNode.Builder,544,182,72,14,138,55,71,14,31,10
spf4j-core,org.spf4j.stackmonitor.proto.gen,ProtoSampleNodes.SampleNode,115,191,10,16,30,43,27,20,19,15
spf4j-core,org.spf4j.stackmonitor.proto.gen,ProtoSampleNodes,23,0,0,0,7,0,4,0,4,0
spf4j-core,org.spf4j.stackmonitor.proto.gen,ProtoSampleNodes.new Descriptors.FileDescriptor.InternalDescriptorAssigner() {...},83,0,0,0,9,0,2,0,2,0
spf4j-core,org.spf4j.perf.memory,MemoryUsageSampler.new AbstractRunnable() {...},15,0,0,0,5,0,2,0,2,0
spf4j-core,org.spf4j.perf.memory,MemoryUsageSampler.new AbstractRunnable() {...},6,0,0,0,3,0,2,0,2,0
spf4j-core,org.spf4j.perf.memory,MemoryUsageSampler,53,0,4,0,14,0,6,0,4,0
spf4j-core,org.spf4j.stackmonitor.proto,Converter,3,93,1,7,1,14,2,6,1,3
spf4j-core,org.spf4j.perf,RecorderFactory,42,77,0,0,6,9,4,4,4,4
spf4j-core,org.spf4j.perf.impl.mdb.tsdb,TSDBMeasurementDatabase.new AbstractRunnable() {...},5,7,0,0,2,1,1,1,1,1
spf4j-core,org.spf4j.perf.impl.mdb.tsdb,TSDBMeasurementDatabase.new AbstractRunnable() {...},0,11,0,0,0,3,0,2,0,2
spf4j-core,org.spf4j.perf.impl.mdb.tsdb,TSDBMeasurementDatabase,110,742,12,44,18,120,15,35,4,18
