GROUP,PACKAGE,CLASS,INSTRUCTION_MISSED,INSTRUCTION_COVERED,BRANCH_MISSED,BRANCH_COVERED,LINE_MISSED,LINE_COVERED,COMPLEXITY_MISSED,COMPLEXITY_COVERED,METHOD_MISSED,METHOD_COVERED
spf4j-core,org.spf4j.perf.impl,NopMeasurementRecorder,11,0,0,0,5,0,5,0,5,0
spf4j-core,org.spf4j.perf.impl,MeasurementsInfoImpl,133,0,16,0,29,0,19,0,11,0
spf4j-core,org.spf4j.perf.impl,NopMeasurementStore,8,0,0,0,5,0,5,0,5,0
spf4j-core,org.spf4j.perf.impl,RecorderFactory,354,0,14,0,75,0,24,0,17,0
spf4j-core,org.spf4j.perf.impl,ScalableMeasurementRecorderSource,614,0,34,0,141,0,29,0,12,0
spf4j-core,org.spf4j.perf.impl,DirectRecorderSource.CreateDirectRecorder,34,0,0,0,8,0,2,0,2,0
spf4j-core,org.spf4j.perf.impl,ScalableMeasurementRecorderSource.new AbstractRunnable() {...},11,0,0,0,3,0,2,0,2,0
spf4j-core,org.spf4j.perf.impl,ScalableMeasurementRecorderSource.new ThreadLocal() {...},33,0,0,0,6,0,2,0,2,0
spf4j-core,org.spf4j.perf.impl,ScalableMeasurementRecorder,353,0,22,0,83,0,27,0,16,0
spf4j-core,org.spf4j.perf.impl,DirectStoreAccumulator,144,0,0,0,26,0,10,0,10,0
spf4j-core,org.spf4j.perf.impl,CountingAccumulator,229,0,10,0,40,0,18,0,13,0
spf4j-core,org.spf4j.perf.impl,QuantizedAccumulator,985,0,80,0,209,0,61,0,21,0
spf4j-core,org.spf4j.perf.impl,MinMaxAvgAccumulator,311,0,14,0,49,0,20,0,13,0
spf4j-core,org.spf4j.perf.impl,DirectRecorderSource,36,0,0,0,6,0,4,0,4,0
spf4j-core,org.spf4j.perf.impl,DirectStoreAccumulator.RecordedValue,15,0,0,0,6,0,3,0,3,0
spf4j-core,org.spf4j.perf.impl,ScalableMeasurementRecorder.Persister,72,0,6,0,19,0,6,0,3,0
spf4j-core,org.spf4j.perf.impl,DirectStoreMultiAccumulator,113,0,0,0,25,0,8,0,8,0
spf4j-core,org.spf4j.perf.impl,ScalableMeasurementRecorderSource.Persister,125,0,10,0,28,0,8,0,3,0
spf4j-core,org.spf4j.perf.impl,ScalableMeasurementRecorder.new AbstractRunnable() {...},11,0,0,0,3,0,2,0,2,0
spf4j-core,org.spf4j.perf.impl,ScalableMeasurementRecorder.new ThreadLocal() {...},36,0,0,0,6,0,2,0,2,0
spf4j-core,org.spf4j.perf.impl,Quanta,212,0,26,0,48,0,22,0,9,0
spf4j-core,org.spf4j.perf.impl,AbstractMeasurementAccumulator,36,0,4,0,13,0,7,0,5,0
spf4j-core,org.spf4j.perf.impl,NopMeasurementRecorderSource,11,0,0,0,4,0,4,0,4,0
spf4j-core,org.spf4j.io.tcp.proxy,ProxyBufferTransferHandler.RoomToReadHook,23,0,0,0,8,0,2,0,2,0
spf4j-core,org.spf4j.io.tcp.proxy,ProxyClientHandler,160,0,2,0,30,0,5,0,4,0
spf4j-core,org.spf4j.io.tcp.proxy,ProxyBufferTransferHandler.ReadInterest,16,0,0,0,5,0,2,0,2,0
spf4j-core,org.spf4j.io.tcp.proxy,TransferBuffer.Operation,9,29,0,0,0,2,2,2,2,2
spf4j-core,org.spf4j.io.tcp.proxy,ProxyBufferTransferHandler.WriteInterest,16,0,0,0,5,0,2,0,2,0
spf4j-core,org.spf4j.io.tcp.proxy,ProxyBufferTransferHandler.DataAvailableToWriteHook,23,0,0,0,8,0,2,0,2,0
spf4j-core,org.spf4j.io.tcp.proxy,ProxyBufferTransferHandler.ReadFromChannel,24,0,0,0,7,0,2,0,2,0
spf4j-core,org.spf4j.io.tcp.proxy,ProxyBufferTransferHandler,204,0,14,0,39,0,14,0,7,0
spf4j-core,org.spf4j.io.tcp.proxy,TransferBuffer,307,0,46,0,94,0,32,0,9,0
spf4j-core,org.spf4j.io.tcp.proxy,ProxyBufferTransferHandler.WriteToChannel,24,0,0,0,7,0,2,0,2,0
spf4j-core,org.spf4j.io.tcp.proxy,ProxyClientHandler.CloseChannelsOnTimeout,29,0,0,0,9,0,2,0,2,0
spf4j-core,org.spf4j.tsdb2,TSDBQuery,1001,0,132,0,165,0,82,0,16,0
spf4j-core,org.spf4j.tsdb2,TSDBReader.new Object() {...},26,0,0,0,1,0,1,0,1,0
spf4j-core,org.spf4j.tsdb2,TSDBReader.new Callable() {...},21,0,0,0,3,0,2,0,2,0
spf4j-core,org.spf4j.tsdb2,TSDBQuery.TableDefEx,51,0,0,0,13,0,7,0,7,0
spf4j-core,org.spf4j.tsdb2,TimeSeries,56,0,2,0,12,0,5,0,4,0
spf4j-core,org.spf4j.tsdb2,TSDBWriter,549,0,40,0,99,0,33,0,13,0
spf4j-core,org.spf4j.tsdb2,TSDBReader.EventSensitivity,5,43,0,0,0,2,1,3,1,3
spf4j-core,org.spf4j.tsdb2,TSDBReader,468,0,52,0,85,0,39,0,12,0
spf4j-core,org.spf4j.perf.io,MeasuredInputStream,107,0,2,0,25,0,12,0,11,0
spf4j-core,org.spf4j.perf.io,MeasuredOutputStream,83,0,0,0,19,0,7,0,7,0
spf4j-core,org.spf4j.perf.io,OpenFilesSampler,138,0,12,0,39,0,20,0,14,0
spf4j-core,org.spf4j.perf.io,OpenFilesSampler.new AbstractRunnable() {...},6,0,0,0,3,0,2,0,2,0
spf4j-core,org.spf4j.perf.io,OpenFilesSampler.AccumulatorRunnable,118,0,8,0,29,0,10,0,6,0
spf4j-core,org.spf4j.jmx.mappers,Spf4jJMXBeanMapping.ListMXBeanType,298,0,24,0,55,0,17,0,5,0
spf4j-core,org.spf4j.jmx.mappers,Spf4jJMXBeanMapping.EnumMXBeanType,44,0,0,0,10,0,4,0,4,0
spf4j-core,org.spf4j.jmx.mappers,MapEntryOpenTypeMapping,366,0,12,0,54,0,13,0,7,0
spf4j-core,org.spf4j.jmx.mappers,MXBeanMappings,28,14,4,0,7,2,4,2,2,2
spf4j-core,org.spf4j.jmx.mappers,Spf4jJMXBeanMapping.GenericArrayMXBeanType,104,0,6,0,23,0,5,0,2,0
spf4j-core,org.spf4j.jmx.mappers,Spf4jJMXBeanMapping.ArrayMXBeanType,220,0,16,0,47,0,13,0,5,0
spf4j-core,org.spf4j.jmx.mappers,DefaultMXBeanMappingFactoryOpenTypeMapper.new MXBeanMappingFactory() {...},35,0,0,0,6,0,2,0,2,0
spf4j-core,org.spf4j.jmx.mappers,SpecificRecordOpenTypeMapping,397,0,18,0,87,0,22,0,12,0
spf4j-core,org.spf4j.jmx.mappers,Spf4jJMXBeanMapping.MapMXBeanType,303,0,22,0,58,0,16,0,5,0
spf4j-core,org.spf4j.jmx.mappers,Spf4jJMXBeanMapping,32,59,2,0,8,12,3,5,2,5
spf4j-core,org.spf4j.jmx.mappers,DefaultMXBeanMappingFactoryOpenTypeMapper,70,0,0,0,13,0,6,0,6,0
spf4j-core,org.spf4j.jmx.mappers,MXBeanMappings.new MXBeanMapping() {...},10,8,0,0,2,1,2,1,2,1
spf4j-core,org.spf4j.jmx.mappers,MXBeanMappings.new JMXBeanMapping() {...},18,10,0,0,4,2,4,2,4,2
spf4j-core,org.spf4j.jmx.mappers,Spf4jOpenTypeMapper.new ThreadLocal() {...},0,8,0,0,0,2,0,2,0,2
spf4j-core,org.spf4j.jmx.mappers,Spf4jOpenTypeMapper,156,337,14,8,23,38,17,7,8,5
spf4j-core,org.spf4j.jmx.mappers,Spf4jJMXBeanMapping.new MXBeanMappingFactory() {...},24,17,1,1,5,5,1,2,0,2
spf4j-core,org.spf4j.jmx.mappers,SpecificRecordOpenTypeMapping.new TypeToken() {...},3,0,0,0,1,0,1,0,1,0
spf4j-core,org.spf4j.jmx.mappers,SpecificRecordOpenTypeMapping.new TypeParameter() {...},3,0,0,0,1,0,1,0,1,0
spf4j-core,org.spf4j.jmx.mappers,SpecificRecordOpenTypeMapping.new TypeToken() {...},3,0,0,0,1,0,1,0,1,0
spf4j-core,org.spf4j.jmx.mappers,SpecificRecordOpenTypeMapping.new Object() {...},26,0,0,0,1,0,1,0,1,0
spf4j-core,org.spf4j.jmx.mappers,SpecificRecordOpenTypeMapping.new TypeParameter() {...},3,0,0,0,1,0,1,0,1,0
spf4j-core,org.spf4j.jmx.mappers,SpecificRecordOpenTypeMapping.new TypeParameter() {...},3,0,0,0,1,0,1,0,1,0
spf4j-core,org.spf4j.jmx.mappers,Spf4jJMXBeanMapping.BasicMXBeanType,4,9,0,0,2,3,2,2,2,2
spf4j-core,org.spf4j.recyclable,RecyclerFactory.new LeaseSupplier() {...},12,0,0,0,2,0,2,0,2,0
spf4j-core,org.spf4j.recyclable,ObjectBorower.Action,9,29,0,0,0,1,2,2,2,2
spf4j-core,org.spf4j.recyclable,RecyclerFactory,8,0,0,0,2,0,2,0,2,0
spf4j-core,org.spf4j.recyclable,ObjectReturnException,16,0,0,0,8,0,4,0,4,0
spf4j-core,org.spf4j.recyclable,Template.new Callables.TimeoutCallable() {...},18,0,0,0,3,0,2,0,2,0
spf4j-core,org.spf4j.recyclable,ObjectCreationException,16,0,0,0,8,0,4,0,4,0
spf4j-core,org.spf4j.recyclable,Disposable,37,0,2,0,10,0,4,0,3,0
spf4j-core,org.spf4j.recyclable,ObjectBorrowException,16,0,0,0,8,0,4,0,4,0
spf4j-core,org.spf4j.recyclable,Template,103,0,2,0,25,0,6,0,5,0
spf4j-core,org.spf4j.recyclable,SupplierException,12,4,0,0,6,2,3,1,3,1
spf4j-core,org.spf4j.recyclable,ObjectDisposeException,12,4,0,0,6,2,3,1,3,1
spf4j-core,org.spf4j.base,Callables.RetryDecision,0,54,0,0,0,14,0,9,0,9
spf4j-core,org.spf4j.base,MutableHolder,88,0,10,0,26,0,14,0,9,0
spf4j-core,org.spf4j.base,ReferenceType,9,43,0,0,0,7,2,3,2,3
spf4j-core,org.spf4j.base,Iterables,26,0,2,0,8,0,4,0,3,0
spf4j-core,org.spf4j.base,CheckedRunnable,16,0,0,0,8,0,4,0,4,0
spf4j-core,org.spf4j.base,Reflections.new CacheLoader() {...},0,6,0,0,0,2,0,2,0,2
spf4j-core,org.spf4j.base,Reflections.new CacheLoader() {...},8,3,0,0,1,1,1,1,1,1
spf4j-core,org.spf4j.base,Reflections.new CacheLoader() {...},2,23,1,1,1,5,1,2,0,2
spf4j-core,org.spf4j.base,Reflections.new PrivilegedAction() {...},0,12,0,0,0,3,0,2,0,2
spf4j-core,org.spf4j.base,CallablesNano.NanoTimeoutCallable,5,0,0,0,2,0,1,0,1,0
spf4j-core,org.spf4j.base,CharSequenceTranslator,93,3,12,0,25,1,9,1,3,1
spf4j-core,org.spf4j.base,MutableInteger,43,0,6,0,14,0,9,0,6,0
spf4j-core,org.spf4j.base,TLScratch,59,27,11,1,14,7,8,2,2,2
spf4j-core,org.spf4j.base,SerializablePair.PairProxy,0,9,0,0,0,2,0,2,0,2
spf4j-core,org.spf4j.base,Callables.TimeoutRetryPredicate,0,5,0,0,0,1,0,1,0,1
spf4j-core,org.spf4j.base,Callables,109,209,12,28,22,57,19,16,7,8
spf4j-core,org.spf4j.base,Strings.new ThreadLocal() {...},2,3,0,0,1,1,1,1,1,1
spf4j-core,org.spf4j.base,Strings.new PrivilegedAction() {...},7,13,0,0,3,5,0,2,0,2
spf4j-core,org.spf4j.base,Strings.new ThreadLocal() {...},3,3,0,0,1,1,1,1,1,1
spf4j-core,org.spf4j.base,Strings.new ThreadLocal() {...},2,3,0,0,1,1,1,1,1,1
spf4j-core,org.spf4j.base,ReferenceType.new ReferenceFactory() {...},0,8,0,0,0,2,0,2,0,2
spf4j-core,org.spf4j.base,ReferenceType.new ReferenceFactory() {...},5,3,0,0,1,1,1,1,1,1
spf4j-core,org.spf4j.base,Strings.new PrivilegedAction() {...},32,22,0,0,8,5,0,2,0,2
spf4j-core,org.spf4j.base,CharSequences.new Appendable() {...},22,76,3,5,4,13,3,5,1,3
spf4j-core,org.spf4j.base,EqualsPredicate,23,0,0,0,5,0,3,0,3,0
spf4j-core,org.spf4j.base,NameValue,11,0,0,0,3,0,2,0,2,0
spf4j-core,org.spf4j.base,IntMath.XorShift32ThreadSafe.ThreadLocalRandom,7,0,0,0,2,0,2,0,2,0
spf4j-core,org.spf4j.base,CloneFailedException,16,0,0,0,8,0,4,0,4,0
spf4j-core,org.spf4j.base,Callables.AdvancedRetryPredicate.new Callables.AdvancedRetryPredicate() {...},2,3,0,0,1,1,1,1,1,1
spf4j-core,org.spf4j.base,Closeables,164,0,20,0,49,0,19,0,9,0
spf4j-core,org.spf4j.base,EscapeJsonStringAppendableWrapper,57,0,4,0,12,0,7,0,5,0
spf4j-core,org.spf4j.base,IntMath.XorShift32ThreadSafe,15,0,0,0,3,0,2,0,2,0
spf4j-core,org.spf4j.base,Runtime.Version,5,122,0,0,0,3,1,4,1,4
spf4j-core,org.spf4j.base,CallablesNanoNonInterrupt,94,0,0,0,21,0,7,0,7,0
spf4j-core,org.spf4j.base,AbstractRunnable.new Runnable() {...},0,4,0,0,0,2,0,2,0,2
spf4j-core,org.spf4j.base,ExitException,0,17,0,0,0,4,0,2,0,2
spf4j-core,org.spf4j.base,Arrays,937,201,145,25,181,40,90,14,15,4
spf4j-core,org.spf4j.base,Method,182,0,12,0,42,0,19,0,13,0
spf4j-core,org.spf4j.base,Callables.RetryData,0,61,0,6,0,18,0,5,0,2
spf4j-core,org.spf4j.base,AlmostSafe,26,0,0,0,8,0,3,0,3,0
spf4j-core,org.spf4j.base,CallablesNano.TimeoutNanoRetryPredicate.new CallablesNano.TimeoutNanoRetryPredicate() {...},5,0,0,0,2,0,2,0,2,0
spf4j-core,org.spf4j.base,Either.Right,23,0,0,0,5,0,4,0,4,0
spf4j-core,org.spf4j.base,CallablesNano,23,41,0,0,5,6,4,4,4,4
spf4j-core,org.spf4j.base,Iterables.new Consumer() {...},34,0,2,0,9,0,3,0,2,0
spf4j-core,org.spf4j.base,Callables.RetryPredicate,5,0,0,0,1,0,1,0,1,0
spf4j-core,org.spf4j.base,Either.Left,23,0,0,0,5,0,4,0,4,0
spf4j-core,org.spf4j.base,AggregateTranslator,42,8,4,0,6,3,4,1,2,1
spf4j-core,org.spf4j.base,Callables.RetryDecision.Type,5,33,0,0,0,2,1,3,1,3
spf4j-core,org.spf4j.base,ComparablePair,34,0,2,0,6,0,4,0,3,0
spf4j-core,org.spf4j.base,IntAppender.SimplePrefixNumberAppender,16,0,0,0,4,0,3,0,3,0
spf4j-core,org.spf4j.base,Reflections,476,436,60,40,97,99,48,31,11,18
spf4j-core,org.spf4j.base,SysExits,33,654,6,4,4,68,7,6,3,5
spf4j-core,org.spf4j.base,Throwables.Lazy,7,0,0,0,2,0,2,0,2,0
spf4j-core,org.spf4j.base,Runtime.new AbstractRunnable() {...},72,200,14,24,21,42,9,12,0,2
spf4j-core,org.spf4j.base,TimeoutRunnable,25,0,0,0,11,0,5,0,5,0
spf4j-core,org.spf4j.base,Runtime.new ThreadLocal() {...},3,3,0,0,1,1,1,1,1,1
spf4j-core,org.spf4j.base,Runtime.new ProcessHandler() {...},76,0,4,0,15,0,5,0,3,0
spf4j-core,org.spf4j.base,InstrumentationHelper,10,0,0,0,4,0,3,0,3,0
spf4j-core,org.spf4j.base,AbstractRunnable,61,42,12,2,16,17,8,5,1,5
spf4j-core,org.spf4j.base,Pair,46,185,12,18,13,36,16,13,4,10
spf4j-core,org.spf4j.base,Callables.AdvancedRetryPredicate,0,9,0,0,0,2,0,2,0,2
spf4j-core,org.spf4j.base,Throwables.new Predicate() {...},24,3,10,0,7,1,6,1,1,1
spf4j-core,org.spf4j.base,Throwables.new PrivilegedAction() {...},24,0,0,0,6,0,2,0,2,0
spf4j-core,org.spf4j.base,Callables.TimeoutRetryPredicate.new Callables.TimeoutRetryPredicate() {...},0,5,0,0,0,2,0,2,0,2
spf4j-core,org.spf4j.base,Reflections.MethodDesc,59,31,8,0,12,9,6,5,2,5
spf4j-core,org.spf4j.base,Reflections.PackageInfo,34,45,7,5,6,13,7,6,2,5
spf4j-core,org.spf4j.base,Version,297,0,42,0,73,0,37,0,16,0
spf4j-core,org.spf4j.base,SerializablePair,0,30,0,0,0,7,0,3,0,3
spf4j-core,org.spf4j.base,ArrayBuilder,37,71,4,4,7,20,5,7,2,6
spf4j-core,org.spf4j.base,Objects,107,57,18,6,3,9,13,1,1,1
spf4j-core,org.spf4j.base,Either,78,0,14,0,14,0,14,0,7,0
spf4j-core,org.spf4j.base,Throwables,522,646,64,74,133,168,67,43,22,19
spf4j-core,org.spf4j.base,IntMath.XorShift32,5,36,1,1,1,7,1,2,0,2
spf4j-core,org.spf4j.base,Runtime.Lazy,7,0,0,0,2,0,2,0,2,0
spf4j-core,org.spf4j.base,SuppressedThrowable,6,0,0,0,3,0,2,0,2,0
spf4j-core,org.spf4j.base,CharSequences.SubSequence,95,0,6,0,17,0,8,0,5,0
spf4j-core,org.spf4j.base,CallablesNano.TimeoutNanoRetryPredicate,5,0,0,0,1,0,1,0,1,0
spf4j-core,org.spf4j.base,Callables.RetryPredicate.new Callables.RetryPredicate() {...},5,0,0,0,2,0,2,0,2,0
spf4j-core,org.spf4j.base,Runtime,302,313,28,12,62,69,32,16,14,14
spf4j-core,org.spf4j.base,Strings,869,393,88,6,216,28,88,3,37,2
spf4j-core,org.spf4j.base,Callables.TimeoutDelayPredicate2DelayPredicate,0,17,0,0,0,5,0,2,0,2
spf4j-core,org.spf4j.base,Reflections.2.new PrivilegedAction() {...},0,15,0,0,0,3,0,2,0,2
spf4j-core,org.spf4j.base,JavaUtils,5,32,1,9,2,10,2,5,1,1
spf4j-core,org.spf4j.base,MemorizedCallable,17,42,1,3,1,14,2,4,1,3
spf4j-core,org.spf4j.base,IntMath,18,9,3,1,2,1,4,1,2,1
spf4j-core,org.spf4j.base,Callables.FibonacciBackoffRetryPredicate,53,173,4,12,4,35,4,9,0,4
spf4j-core,org.spf4j.base,Holder,18,18,0,0,4,6,2,4,2,4
spf4j-core,org.spf4j.base,CharSequences,936,105,138,8,195,27,91,10,21,6
spf4j-core,org.spf4j.base,Callables.SimpleAction,38,0,0,0,2,0,4,0,4,0
spf4j-core,org.spf4j.base,Runnables,37,0,4,0,10,0,4,0,2,0
spf4j-core,org.spf4j.base,Comparables,171,25,41,3,39,8,27,1,5,1
spf4j-core,org.spf4j.base,LookupTranslator,133,62,17,7,28,15,13,4,4,1
spf4j-core,org.spf4j.base,Callables.TimeoutCallable,6,17,0,0,3,5,1,3,1,3
spf4j-core,org.spf4j.base,Callables.AdvancedAction,5,53,0,0,0,5,1,3,1,3
spf4j-core,org.spf4j.base,IntMath.XorShift128,0,54,0,0,0,9,0,2,0,2
spf4j-core,org.spf4j.base,UnicodeUnescaper,114,3,16,0,18,1,9,1,1,1
spf4j-core,org.spf4j.base,Base64,605,472,42,33,91,76,35,24,9,11
spf4j-core,org.spf4j.base,IntMath.XorShift32ThreadSafe.Singleton,8,0,0,0,2,0,2,0,2,0
spf4j-core,org.spf4j.base,Callables.new Callables.SimpleRetryPredicate() {...},6,3,2,0,1,1,2,1,1,1
spf4j-core,org.spf4j.base,Callables.new Predicate() {...},9,3,2,0,1,1,2,1,1,1
spf4j-core,org.spf4j.base,Callables.new Callables.AdvancedRetryPredicate() {...},2,39,3,9,1,9,3,6,0,3
spf4j-core,org.spf4j.base,Callables.new Callable() {...},47,0,0,0,7,0,3,0,3,0
spf4j-core,org.spf4j.base,Throwables.PackageDetail,0,48,0,0,0,4,0,4,0,4
spf4j-core,org.spf4j.base,Callables.new Callable() {...},10,0,0,0,2,0,2,0,2,0
spf4j-core,org.spf4j.base,Callables.new Object() {...},4,29,0,0,0,1,0,1,0,1
spf4j-core,org.spf4j.base,Runtime.Jmx,5,3,0,0,3,1,2,1,2,1
spf4j-core,org.spf4j.base,OctalUnescaper,113,3,24,0,16,1,15,1,3,1
spf4j-core,org.spf4j.base,NoExitSecurityManager,13,0,0,0,5,0,4,0,4,0
spf4j-core,org.spf4j.base,Slf4jMessageFormatter,699,0,78,0,160,0,58,0,19,0
spf4j-core,org.spf4j.base,IntAppender.CommentNumberAppender,0,18,0,0,0,4,0,3,0,3
spf4j-core,org.spf4j.base,Writeable,6,5,0,0,2,3,0,1,0,1
spf4j-core,org.spf4j.tsdb2.avro,DataBlock,113,0,6,0,32,0,20,0,16,0
spf4j-core,org.spf4j.tsdb2.avro,TableDef.Builder,387,169,22,8,59,29,29,10,17,7
spf4j-core,org.spf4j.tsdb2.avro,Tsdb2,4,0,0,0,1,0,1,0,1,0
spf4j-core,org.spf4j.tsdb2.avro,Type,7,39,0,0,1,4,2,3,2,3
spf4j-core,org.spf4j.tsdb2.avro,ColumnDef,144,0,10,0,44,0,28,0,20,0
spf4j-core,org.spf4j.tsdb2.avro,DataBlock.Builder,238,0,12,0,41,0,18,0,12,0
spf4j-core,org.spf4j.tsdb2.avro,TableDef,93,79,2,10,30,20,17,15,15,7
spf4j-core,org.spf4j.tsdb2.avro,Header.Builder,168,64,10,2,28,14,14,4,8,4
spf4j-core,org.spf4j.tsdb2.avro,Tsdb2.Callback,3,0,0,0,1,0,1,0,1,0
spf4j-core,org.spf4j.tsdb2.avro,DataRow,77,59,2,6,22,16,14,10,12,6
spf4j-core,org.spf4j.tsdb2.avro,DataRow.Builder,348,0,18,0,56,0,25,0,16,0
spf4j-core,org.spf4j.tsdb2.avro,ColumnDef.Builder,440,0,24,0,74,0,32,0,20,0
spf4j-core,org.spf4j.tsdb2.avro,Header,57,51,2,4,18,14,11,9,9,7
spf4j-core,org.spf4j.ssdump2,Converter,314,0,26,0,59,0,20,0,7,0
spf4j-core,org.spf4j.ssdump2,Converter.new Iterator() {...},54,0,2,0,12,0,5,0,4,0
spf4j-core,org.spf4j.ssdump2,Converter.TraversalNode,43,0,0,0,9,0,5,0,5,0
spf4j-core,org.spf4j.concurrent,UnboundedLoadingCache.new Callable() {...},0,16,0,0,0,2,0,2,0,2
spf4j-core,org.spf4j.concurrent,RetryExecutor.RetryableCallable.new Callable() {...},18,0,0,0,3,0,2,0,2,0
spf4j-core,org.spf4j.concurrent,ScalableSequence.new ThreadLocal() {...},27,0,0,0,3,0,2,0,2,0
spf4j-core,org.spf4j.concurrent,ScalableSequence.Bucket,0,34,0,2,0,9,0,5,0,4
spf4j-core,org.spf4j.concurrent,RestartableServiceImpl,138,0,4,0,42,0,19,0,16,0
spf4j-core,org.spf4j.concurrent,MutableLifoThreadPoolExecutorSQP.QueuedThread,426,0,32,0,107,0,26,0,10,0
spf4j-core,org.spf4j.concurrent,LifoThreadPoolExecutorSQP.PoolState,57,49,3,3,7,17,5,8,2,8
spf4j-core,org.spf4j.concurrent,MutableLifoThreadPoolExecutorSQP.PoolState,133,0,6,0,31,0,16,0,13,0
spf4j-core,org.spf4j.concurrent,RestartableServiceImpl.new Object() {...},26,0,0,0,1,0,1,0,1,0
spf4j-core,org.spf4j.concurrent,RetryExecutor.new ParameterizedSupplier() {...},5,0,0,0,2,0,2,0,2,0
spf4j-core,org.spf4j.concurrent,RetryExecutor.new FutureBean() {...},13,0,0,0,3,0,2,0,2,0
spf4j-core,org.spf4j.concurrent,RetryExecutor.new Object() {...},19,0,0,0,1,0,1,0,1,0
spf4j-core,org.spf4j.concurrent,DefaultExecutor,51,60,11,3,6,13,10,1,1,1
spf4j-core,org.spf4j.concurrent,LifoThreadPoolBuilder,258,0,6,0,50,0,20,0,17,0
spf4j-core,org.spf4j.concurrent,UnboundedLoadingCache2.new Function() {...},20,0,0,0,4,0,2,0,2,0
spf4j-core,org.spf4j.concurrent,UnboundedLoadingCache2.new Function() {...},19,0,0,0,4,0,2,0,2,0
spf4j-core,org.spf4j.concurrent,RetryExecutor.RetryableCallable,195,0,14,0,45,0,14,0,6,0
spf4j-core,org.spf4j.concurrent,RetryExecutor,312,0,8,0,64,0,21,0,17,0
spf4j-core,org.spf4j.concurrent,ThreadLocalBufferedConsumer,157,0,10,0,36,0,10,0,5,0
spf4j-core,org.spf4j.concurrent,UnboundedRacyLoadingCache,243,0,16,0,63,0,28,0,20,0
spf4j-core,org.spf4j.concurrent,LifoThreadPoolExecutorSQP.QueuedThread,181,249,17,15,32,76,14,12,2,8
spf4j-core,org.spf4j.concurrent,AtomicSequence,17,0,0,0,5,0,3,0,3,0
spf4j-core,org.spf4j.concurrent,Atomics,46,0,6,0,10,0,5,0,2,0
spf4j-core,org.spf4j.concurrent,RetryExecutor.RetryManager,45,0,4,0,17,0,5,0,3,0
spf4j-core,org.spf4j.concurrent,MutableLifoThreadPoolExecutorSQP,768,0,44,0,156,0,51,0,29,0
spf4j-core,org.spf4j.concurrent,UnboundedLoadingCache,241,55,19,3,61,14,29,5,19,4
spf4j-core,org.spf4j.concurrent,ThreadLocalBufferedConsumer.new ThreadLocal() {...},24,0,0,0,4,0,2,0,2,0
spf4j-core,org.spf4j.concurrent,FutureBean,151,0,16,0,36,0,20,0,12,0
spf4j-core,org.spf4j.concurrent,CustomThreadFactory,41,71,1,1,3,13,3,3,2,3
spf4j-core,org.spf4j.concurrent,LockRuntimeException,16,0,0,0,8,0,4,0,4,0
spf4j-core,org.spf4j.concurrent,UnboundedLoadingCache.MapView,169,0,10,0,33,0,25,0,20,0
spf4j-core,org.spf4j.concurrent,DefaultExecutor.new AbstractRunnable() {...},10,19,1,1,1,6,1,2,0,2
spf4j-core,org.spf4j.concurrent,LocalSemaphore,34,0,0,0,7,0,4,0,4,0
spf4j-core,org.spf4j.concurrent,UpdateResult,44,0,0,0,9,0,6,0,6,0
spf4j-core,org.spf4j.concurrent,RetryExecutor.FailedExecutionResult,83,0,12,0,22,0,13,0,7,0
spf4j-core,org.spf4j.concurrent,UIDGenerator,194,0,14,0,42,0,17,0,10,0
spf4j-core,org.spf4j.concurrent,RejectedExecutionHandler.new RejectedExecutionHandler() {...},4,3,0,0,1,1,1,1,1,1
spf4j-core,org.spf4j.concurrent,LifoThreadPoolExecutorSQP,380,276,25,19,62,64,37,12,18,9
spf4j-core,org.spf4j.concurrent,RejectedExecutionHandler.new RejectedExecutionHandler() {...},3,3,0,0,2,1,1,1,1,1
spf4j-core,org.spf4j.concurrent,ScalableSequence,80,0,4,0,14,0,5,0,3,0
spf4j-core,org.spf4j.concurrent,FileBasedLock,511,0,64,0,134,0,52,0,20,0
spf4j-core,org.spf4j.concurrent,DefaultScheduler.new AbstractRunnable() {...},10,19,1,1,1,6,1,2,0,2
spf4j-core,org.spf4j.concurrent,Futures,217,67,27,5,61,14,19,4,5,2
spf4j-core,org.spf4j.concurrent,AtomicReferenceExt,11,0,0,0,5,0,3,0,3,0
spf4j-core,org.spf4j.concurrent,RejectedExecutionHandler,0,9,0,0,0,2,0,1,0,1
spf4j-core,org.spf4j.concurrent,DefaultScheduler,19,59,1,1,4,14,2,2,1,2
spf4j-core,org.spf4j.concurrent,Semaphore,39,0,2,0,8,0,5,0,4,0
spf4j-core,org.spf4j.concurrent,UnitQueuePU,28,117,9,15,6,35,10,8,1,5
spf4j-core,org.spf4j.concurrent,UnboundedLoadingCache2,208,0,12,0,48,0,26,0,20,0
spf4j-core,org.spf4j.unix,Ulimit,140,0,18,0,33,0,13,0,4,0
spf4j-core,org.spf4j.unix,UnixException,80,0,10,0,20,0,11,0,6,0
spf4j-core,org.spf4j.unix,UnixConstants,3,0,0,0,1,0,1,0,1,0
spf4j-core,org.spf4j.unix,UnixResources,148,249,9,3,21,33,14,5,8,5
spf4j-core,org.spf4j.unix,Lsof.Lazy,7,0,0,0,2,0,2,0,2,0
spf4j-core,org.spf4j.unix,Lsof,95,41,17,5,22,8,13,2,2,2
spf4j-core,org.spf4j.unix,CLibrary,0,6,0,0,0,1,0,1,0,1
spf4j-core,org.spf4j.unix,JVMArguments,965,50,90,4,156,13,71,5,23,3
spf4j-core,org.spf4j.unix,Ulimit.Lazy,7,0,0,0,2,0,2,0,2,0
spf4j-core,org.spf4j.unix,UnixRuntime,83,0,8,0,19,0,6,0,2,0
spf4j-core,org.spf4j.unix,JVMArguments.StringArrayMemory,61,0,4,0,14,0,6,0,4,0
spf4j-core,org.spf4j.unix,CLibrary.FILE,7,0,0,0,4,0,2,0,2,0
spf4j-core,org.spf4j.net,SntpClient.new Callables.TimeoutCallable() {...},39,0,0,0,5,0,2,0,2,0
spf4j-core,org.spf4j.net,Timing,53,0,0,0,10,0,6,0,6,0
spf4j-core,org.spf4j.net,SntpClient,370,0,16,0,53,0,16,0,8,0
spf4j-core,org.spf4j.io.tcp,SelectorEventHandler,3,0,0,0,1,0,1,0,1,0
spf4j-core,org.spf4j.io.tcp,TcpServer.TcpServerGuavaService.new Callables.TimeoutCallable() {...},32,0,0,0,8,0,2,0,2,0
spf4j-core,org.spf4j.io.tcp,DeadlineAction.new Comparator() {...},21,0,4,0,6,0,4,0,2,0
spf4j-core,org.spf4j.io.tcp,DeadlineAction,37,0,0,0,8,0,5,0,5,0
spf4j-core,org.spf4j.io.tcp,AcceptorSelectorEventHandler,124,0,4,0,24,0,9,0,7,0
spf4j-core,org.spf4j.io.tcp,TcpServer.TcpServerGuavaService,276,0,24,0,62,0,21,0,9,0
spf4j-core,org.spf4j.io.tcp,TcpServer,36,0,0,0,7,0,4,0,4,0
spf4j-core,org.spf4j.io.tcp,TcpServer.new Supplier() {...},32,0,0,0,2,0,2,0,2,0
spf4j-core,org.spf4j.perf.impl.ms.tsdb,TSDBTxtMeasurementStore,127,0,2,0,27,0,8,0,7,0
spf4j-core,org.spf4j.perf.impl.ms.tsdb,TSDBMeasurementStore,131,0,2,0,33,0,10,0,9,0
spf4j-core,org.spf4j.io,WriterOutputStream,90,0,2,0,28,0,11,0,10,0
spf4j-core,org.spf4j.io,PipedOutputStream,723,0,70,0,132,0,53,0,18,0
spf4j-core,org.spf4j.io,PushbackInputStreamEx,66,0,4,0,11,0,7,0,5,0
spf4j-core,org.spf4j.io,ConfigurableAppenderSupplier.new Predicate() {...},5,0,0,0,2,0,2,0,2,0
spf4j-core,org.spf4j.io,DeletingVisitor,106,0,12,0,30,0,13,0,7,0
spf4j-core,org.spf4j.io,PipedOutputStream.new InputStream() {...},421,0,40,0,75,0,27,0,7,0
spf4j-core,org.spf4j.io,LazyOutputStreamWrapper,81,0,4,0,23,0,10,0,8,0
spf4j-core,org.spf4j.io,SetFilesReadOnlyVisitor,29,0,2,0,7,0,6,0,5,0
spf4j-core,org.spf4j.io,ReaderInputStream,333,0,38,0,74,0,30,0,11,0
spf4j-core,org.spf4j.io,PushbackReader,389,0,40,0,74,0,35,0,15,0
spf4j-core,org.spf4j.io,Streams,130,0,18,0,41,0,13,0,4,0
spf4j-core,org.spf4j.io,ByteArrayBuilder,110,128,16,12,25,34,21,10,8,9
spf4j-core,org.spf4j.io,BufferedInputStream,544,0,68,0,116,0,51,0,17,0
spf4j-core,org.spf4j.io,AppendableOutputStream,329,0,20,0,90,0,25,0,15,0
spf4j-core,org.spf4j.io,AppendableLimiterWithOverflow,384,0,32,0,70,0,24,0,8,0
spf4j-core,org.spf4j.io,IOTimeoutException,29,0,0,0,7,0,3,0,3,0
spf4j-core,org.spf4j.io,MemorizingBufferedInputStream,799,0,74,0,168,0,58,0,21,0
spf4j-core,org.spf4j.io,ConfigurableAppenderSupplier,215,0,24,0,43,0,22,0,10,0
spf4j-core,org.spf4j.io,AppendableWriter,154,0,8,0,41,0,17,0,13,0
spf4j-core,org.spf4j.io,BufferedOutputStream,275,0,28,0,47,0,23,0,9,0
spf4j-core,org.spf4j.io,ObjectAppender.new ObjectAppender() {...},53,0,10,0,17,0,7,0,2,0
spf4j-core,org.spf4j.io,PathsIOException,42,0,0,0,10,0,4,0,4,0
spf4j-core,org.spf4j.io,ObjectAppenderSupplier.new ObjectAppenderSupplier() {...},5,0,0,0,2,0,2,0,2,0
spf4j-core,org.spf4j.io,Csv,117,137,8,20,35,33,26,11,19,4
spf4j-core,org.spf4j.io,Crc32C,8445,0,4,0,40,0,16,0,14,0
spf4j-core,org.spf4j.io,AppendableLimiterWithOverflow.new AppendableLimiterWithOverflow.OverflowSupplier() {...},52,0,0,0,8,0,3,0,3,0
spf4j-core,org.spf4j.io,FSWatchEventSensitivity,48,0,0,0,2,0,4,0,4,0
spf4j-core,org.spf4j.io,EmptyInputStream,10,0,0,0,3,0,3,0,3,0
spf4j-core,org.spf4j.io,ObjectAppenderSupplier,9,0,0,0,2,0,2,0,2,0
spf4j-core,org.spf4j.io,ObjectAppender,5,0,0,0,1,0,1,0,1,0
spf4j-core,org.spf4j.ssdump2.avro,AMethod,49,59,2,4,14,18,9,11,7,9
spf4j-core,org.spf4j.ssdump2.avro,AMethod.Builder,168,64,10,2,28,14,14,4,8,4
spf4j-core,org.spf4j.ssdump2.avro,ASample.Builder,519,0,34,0,87,0,40,0,23,0
spf4j-core,org.spf4j.ssdump2.avro,Ssdump2.Callback,3,0,0,0,1,0,1,0,1,0
spf4j-core,org.spf4j.ssdump2.avro,ASample,159,0,10,0,44,0,28,0,20,0
spf4j-core,org.spf4j.ssdump2.avro,Ssdump2,4,0,0,0,1,0,1,0,1,0
spf4j-core,org.spf4j.perf.cpu,CpuUsageSampler.new AbstractRunnable() {...},22,0,0,0,6,0,2,0,2,0
spf4j-core,org.spf4j.perf.cpu,CpuUsageSampler.new AbstractRunnable() {...},6,0,0,0,3,0,2,0,2,0
spf4j-core,org.spf4j.perf.cpu,ThreadUsageSampler,268,0,28,0,60,0,23,0,9,0
spf4j-core,org.spf4j.perf.cpu,CpuUsageSampler,72,0,10,0,22,0,11,0,6,0
spf4j-core,org.spf4j.perf.cpu,ThreadUsageSampler.new AbstractRunnable() {...},8,0,0,0,4,0,2,0,2,0
spf4j-core,org.spf4j.perf.cpu,ThreadUsageSampler.new AbstractRunnable() {...},86,0,10,0,22,0,7,0,2,0
spf4j-core,org.spf4j.os,ProcessHandler,0,8,0,0,0,2,0,2,0,2
spf4j-core,org.spf4j.os,StdOutToStringProcessHandler,0,10,0,0,0,2,0,2,0,2
spf4j-core,org.spf4j.os,StdOutLineCountProcessHandler,70,0,12,0,8,0,8,0,2,0
spf4j-core,org.spf4j.os,ProcessResponse,22,25,0,0,1,9,1,5,1,5
spf4j-core,org.spf4j.os,OperatingSystem,305,323,47,23,63,51,37,10,4,8
spf4j-core,org.spf4j.os,OperatingSystem.Lazy,7,0,0,0,2,0,2,0,2,0
spf4j-core,org.spf4j.jmx,JMXBeanMapping,4,5,0,0,1,1,1,1,1,1
spf4j-core,org.spf4j.jmx,ExportedValuesMBean,478,220,34,14,83,41,30,10,10,6
spf4j-core,org.spf4j.jmx,GenericExportedValue,148,0,8,0,36,0,14,0,10,0
spf4j-core,org.spf4j.jmx,Client,185,0,24,0,18,0,16,0,4,0
spf4j-core,org.spf4j.jmx,MapExportedValue,143,0,12,0,31,0,15,0,9,0
spf4j-core,org.spf4j.jmx,GlobalMXBeanMapperSupplier,22,9,2,0,7,2,5,2,4,2
spf4j-core,org.spf4j.jmx,ExportedOperationImpl,165,151,13,11,24,41,12,8,2,6
spf4j-core,org.spf4j.jmx,JMXBeanMapping.new JMXBeanMapping() {...},20,3,0,0,5,1,5,1,5,1
spf4j-core,org.spf4j.jmx,ExportedOperation,6,0,0,0,1,0,1,0,1,0
spf4j-core,org.spf4j.jmx,BeanExportedValue,256,56,18,4,28,17,16,7,5,7
spf4j-core,org.spf4j.jmx,Registry,152,48,7,1,41,10,16,4,12,4
spf4j-core,org.spf4j.jmx,DynamicMBeanBuilder,392,302,48,36,68,62,39,20,10,7
spf4j-core,org.spf4j.io.appenders,SpecificRecordAppender,73,0,8,0,10,0,7,0,3,0
spf4j-core,org.spf4j.io.appenders,LocalDateAppender,11,0,0,0,4,0,3,0,3,0
spf4j-core,org.spf4j.io.appenders,WriteableAppender,7,0,0,0,3,0,2,0,2,0
spf4j-core,org.spf4j.io.appenders,SqlDateAppender,9,0,0,0,3,0,2,0,2,0
spf4j-core,org.spf4j.io.appenders,CalendarAppender,9,0,0,0,3,0,2,0,2,0
spf4j-core,org.spf4j.io.appenders,SpecificRecordBaseAppender,13,0,0,0,4,0,3,0,3,0
spf4j-core,org.spf4j.io.appenders,InstantAppender,13,0,0,0,4,0,3,0,3,0
spf4j-core,org.spf4j.io.appenders,GenericRecordAppender,68,0,8,0,9,0,6,0,2,0
spf4j-core,org.spf4j.io.appenders,DateAppender,9,0,0,0,3,0,2,0,2,0
spf4j-core,org.spf4j.pool.jdbc,JdbcConnectionFactory.new InvocationHandler() {...},39,0,2,0,9,0,3,0,2,0
spf4j-core,org.spf4j.pool.jdbc,PooledDataSource,116,0,8,0,23,0,15,0,11,0
spf4j-core,org.spf4j.pool.jdbc,JdbcConnectionFactory,91,0,0,0,23,0,6,0,6,0
spf4j-core,org.spf4j.ds,UpdateablePriorityQueue.ElementRef,153,0,16,0,35,0,18,0,10,0
spf4j-core,org.spf4j.ds,LinkedHashMapEx.new PrivilegedAction() {...},18,0,0,0,6,0,2,0,2,0
spf4j-core,org.spf4j.ds,RTree,1563,444,182,48,272,82,123,25,20,13
spf4j-core,org.spf4j.ds,LinkedHashMapEx,55,0,2,0,20,0,10,0,9,0
spf4j-core,org.spf4j.ds,ZArrayDequeue,763,264,79,21,164,53,85,10,37,8
spf4j-core,org.spf4j.ds,IdentityHashSet,26,0,2,0,10,0,7,0,6,0
spf4j-core,org.spf4j.ds,RTree.Node,34,37,0,0,2,8,1,1,1,1
spf4j-core,org.spf4j.ds,UpdateablePriorityQueue,673,0,80,0,150,0,68,0,28,0
spf4j-core,org.spf4j.ds,UpdateablePriorityQueue.Itr,162,0,24,0,34,0,16,0,4,0
spf4j-core,org.spf4j.ds,VertexEdges,21,19,0,0,3,4,2,3,2,3
spf4j-core,org.spf4j.ds,RTree.SeedPicker,9,29,0,0,0,2,2,2,2,2
spf4j-core,org.spf4j.ds,RTree.Entry,10,10,0,0,1,3,1,1,1,1
spf4j-core,org.spf4j.ds,LinkedHashSetEx,72,0,6,0,20,0,13,0,10,0
spf4j-core,org.spf4j.ds,ZArrayDequeue.DescendingIterator,110,0,12,0,20,0,10,0,4,0
spf4j-core,org.spf4j.ds,ZArrayDequeue.DeqIterator,110,0,12,0,20,0,10,0,4,0
spf4j-core,org.spf4j.ds,Traversals.VertexHolder,82,0,10,0,20,0,10,0,5,0
spf4j-core,org.spf4j.ds,HashMapGraph,271,0,20,0,55,0,22,0,12,0
spf4j-core,org.spf4j.ds,Traversals,333,0,56,0,96,0,31,0,3,0
spf4j-core,org.spf4j.perf.impl.ms,Id2Info,63,0,4,0,14,0,6,0,4,0
spf4j-core,org.spf4j.perf.impl.ms,Flusher.new AbstractRunnable() {...},26,0,0,0,5,0,2,0,2,0
spf4j-core,org.spf4j.perf.impl.ms,Flusher.new AbstractRunnable() {...},11,0,0,0,3,0,2,0,2,0
spf4j-core,org.spf4j.perf.impl.ms,Flusher,24,0,0,0,4,0,2,0,2,0
spf4j-core,org.spf4j.perf.impl.ms,StoreType,106,0,0,0,13,0,5,0,5,0
spf4j-core,org.spf4j.perf.impl.ms,StoreType.new StoreFactory() {...},7,0,0,0,2,0,2,0,2,0
spf4j-core,org.spf4j.perf.impl.ms,StoreType.new StoreFactory() {...},22,0,0,0,4,0,2,0,2,0
spf4j-core,org.spf4j.perf.impl.ms,StoreType.new StoreFactory() {...},22,0,0,0,4,0,2,0,2,0
spf4j-core,org.spf4j.perf.impl.ms,StoreType.new StoreFactory() {...},11,0,0,0,2,0,2,0,2,0
spf4j-core,org.spf4j.perf.impl.ms,StoreType.new StoreFactory() {...},27,0,2,0,5,0,3,0,2,0
spf4j-core,org.spf4j.perf.impl.ms,MultiStore,302,0,30,0,69,0,22,0,7,0
spf4j-core,org.spf4j.perf,MeasurementsInfo,53,0,4,0,10,0,3,0,1,0
spf4j-core,org.spf4j.perf,PerformanceMonitor,75,0,0,0,12,0,10,0,10,0
spf4j-core,org.spf4j.perf,PerformanceMonitor.new Callable() {...},147,0,6,0,16,0,5,0,2,0
spf4j-core,org.spf4j.perf,PerformanceMonitor.new Callable() {...},145,0,6,0,16,0,5,0,2,0
spf4j-core,org.spf4j.perf,MeasurementAccumulator,34,0,2,0,8,0,2,0,1,0
spf4j-core,org.spf4j.reflect,TypeMap,62,0,6,0,10,0,5,0,2,0
spf4j-core,org.spf4j.reflect,GraphTypeMap,49,185,4,24,9,44,6,16,3,5
spf4j-core,org.spf4j.reflect,CachingTypeMapSupplierWrapper,147,65,6,4,27,17,8,5,4,4
spf4j-core,org.spf4j.reflect,CachingTypeMapWrapper.TypeMapedObjLoader,25,0,0,0,4,0,2,0,2,0
spf4j-core,org.spf4j.reflect,CachingTypeMapWrapper,200,0,6,0,39,0,12,0,9,0
spf4j-core,org.spf4j.reflect,CachingTypeMapSupplierWrapper.TypeMapedObjLoader,5,45,0,2,1,8,0,3,0,2
spf4j-core,org.spf4j.concurrent.jdbc,JdbcHeartBeat,1138,0,96,0,171,0,84,0,36,0
spf4j-core,org.spf4j.concurrent.jdbc,JdbcHeartBeat.ScheduledHeartBeat,120,0,10,0,30,0,9,0,4,0
spf4j-core,org.spf4j.concurrent.jdbc,ProcessLimitedJdbcSemaphore,60,0,2,0,14,0,5,0,4,0
spf4j-core,org.spf4j.concurrent.jdbc,JdbcLock,97,0,0,0,25,0,9,0,9,0
spf4j-core,org.spf4j.concurrent.jdbc,JdbcSemaphore,2266,0,182,0,273,0,129,0,38,0
spf4j-core,org.spf4j.concurrent.jdbc,JdbcSemaphore.new JdbcHeartBeat.LifecycleHook() {...},21,0,0,0,6,0,3,0,3,0
spf4j-core,org.spf4j.concurrent.jdbc,JdbcSemaphore.new HandlerNano() {...},13,0,0,0,2,0,2,0,2,0
spf4j-core,org.spf4j.concurrent.jdbc,JdbcSemaphore.new HandlerNano() {...},109,0,10,0,13,0,7,0,2,0
spf4j-core,org.spf4j.concurrent.jdbc,JdbcSemaphore.new HandlerNano() {...},104,0,10,0,12,0,7,0,2,0
spf4j-core,org.spf4j.concurrent.jdbc,JdbcSemaphore.new HandlerNano() {...},110,0,10,0,13,0,7,0,2,0
spf4j-core,org.spf4j.concurrent.jdbc,JdbcSemaphore.new HandlerNano() {...},104,0,10,0,12,0,7,0,2,0
spf4j-core,org.spf4j.concurrent.jdbc,JdbcSemaphore.new HandlerNano() {...},226,0,24,0,26,0,14,0,2,0
spf4j-core,org.spf4j.concurrent.jdbc,JdbcSemaphore.new Callable() {...},12,0,0,0,2,0,2,0,2,0
spf4j-core,org.spf4j.concurrent.jdbc,HeartBeatError,16,0,0,0,8,0,4,0,4,0
spf4j-core,org.spf4j.concurrent.jdbc,OwnerPermits,32,0,0,0,7,0,4,0,4,0
spf4j-core,org.spf4j.concurrent.jdbc,SemaphoreTablesDesc,292,0,24,0,71,0,28,0,16,0
spf4j-core,org.spf4j.concurrent.jdbc,JdbcHeartBeat.new Runnable() {...},34,0,0,0,10,0,2,0,2,0
spf4j-core,org.spf4j.concurrent.jdbc,JdbcHeartBeat.new FutureCallback() {...},48,0,6,0,12,0,6,0,3,0
spf4j-core,org.spf4j.concurrent.jdbc,JdbcHeartBeat.new JdbcHeartBeat.LifecycleHook() {...},25,0,0,0,6,0,3,0,3,0
spf4j-core,org.spf4j.concurrent.jdbc,JdbcHeartBeat.new AbstractRunnable() {...},17,0,0,0,3,0,2,0,2,0
spf4j-core,org.spf4j.concurrent.jdbc,HeartBeatTableDesc,166,0,16,0,41,0,19,0,11,0
spf4j-core,org.spf4j.text,FormatInfo,118,0,10,0,26,0,13,0,8,0
spf4j-core,org.spf4j.text,AttributedString.AttributedStringIterator,699,0,116,0,136,0,83,0,25,0
spf4j-core,org.spf4j.text,MessageFormat,1942,0,256,0,420,0,169,0,36,0
spf4j-core,org.spf4j.text,AttributeEntry,77,0,12,0,14,0,13,0,7,0
spf4j-core,org.spf4j.text,AttributedString.AttributeMap,107,0,6,0,20,0,6,0,3,0
spf4j-core,org.spf4j.text,AttributedString,1170,0,170,0,270,0,110,0,25,0
spf4j-core,org.spf4j.jdbc,JdbcTemplate.new CallablesNano.NanoTimeoutCallable() {...},91,0,14,0,14,0,9,0,2,0
spf4j-core,org.spf4j.jdbc,JdbcTemplate.new CallablesNano.NanoTimeoutCallable() {...},91,0,14,0,14,0,9,0,2,0
spf4j-core,org.spf4j.jdbc,JdbcTemplate,70,0,4,0,13,0,7,0,5,0
spf4j-core,org.spf4j.jdbc,DbType,20,113,5,1,5,6,5,6,0,6
spf4j-core,org.spf4j.jdbc,DbType.new Object() {...},40,0,0,0,1,0,1,0,1,0
spf4j-core,org.spf4j.recyclable.impl,ScalableObjectPool.new ThreadLocal() {...},13,0,0,0,2,0,2,0,2,0
spf4j-core,org.spf4j.recyclable.impl,ScalableObjectPool,67,0,0,0,14,0,8,0,8,0
spf4j-core,org.spf4j.recyclable.impl,RecyclingSupplierBuilder.AbstractRunnableImpl.new Scanable.ScanHandler() {...},10,0,0,0,3,0,2,0,2,0
spf4j-core,org.spf4j.recyclable.impl,LeaseImpl,38,0,0,0,11,0,4,0,4,0
spf4j-core,org.spf4j.recyclable.impl,LocalObjectPool,486,0,40,0,91,0,33,0,13,0
spf4j-core,org.spf4j.recyclable.impl,RecyclingSupplierBuilder,148,0,6,0,26,0,11,0,8,0
spf4j-core,org.spf4j.recyclable.impl,ArraySuppliers,3,0,0,0,2,0,1,0,1,0
spf4j-core,org.spf4j.recyclable.impl,SharingObjectPool,356,0,36,0,94,0,29,0,11,0
spf4j-core,org.spf4j.recyclable.impl,SharingObjectPool.new AbstractRunnable() {...},21,0,0,0,3,0,2,0,2,0
spf4j-core,org.spf4j.recyclable.impl,SharingObjectPool.new Comparator() {...},9,0,0,0,2,0,2,0,2,0
spf4j-core,org.spf4j.recyclable.impl,ArraySuppliers.Objects.new SizedRecyclingSupplier.Factory() {...},9,0,0,0,3,0,3,0,3,0
spf4j-core,org.spf4j.recyclable.impl,ObjectPoolWrapper,165,0,10,0,32,0,13,0,8,0
spf4j-core,org.spf4j.recyclable.impl,ArraySuppliers.Bytes.new SizedRecyclingSupplier.Factory() {...},0,9,0,0,0,3,0,3,0,3
spf4j-core,org.spf4j.recyclable.impl,ArraySuppliers.Bytes.new SizedRecyclingSupplier() {...},4,3,0,0,2,1,2,1,2,1
spf4j-core,org.spf4j.recyclable.impl,SizedThreadLocalRecyclingSupplier,171,0,22,0,49,0,15,0,4,0
spf4j-core,org.spf4j.recyclable.impl,ArraySuppliers.Chars,24,0,0,0,6,0,2,0,2,0
spf4j-core,org.spf4j.recyclable.impl,Powerof2SizedGlobalRecyclingSupplier,75,29,4,2,17,7,5,2,3,1
spf4j-core,org.spf4j.recyclable.impl,ArraySuppliers.Objects,12,0,0,0,3,0,2,0,2,0
spf4j-core,org.spf4j.recyclable.impl,SimpleSmartObjectPool,946,0,112,0,196,0,64,0,8,0
spf4j-core,org.spf4j.recyclable.impl,ArraySuppliers.Bytes,3,21,0,0,2,4,1,1,1,1
spf4j-core,org.spf4j.recyclable.impl,Powerof2ThreadLocalRecyclingSupplier,29,76,4,4,3,22,4,4,1,3
spf4j-core,org.spf4j.recyclable.impl,ObjectHolderFactory,88,0,6,0,18,0,9,0,6,0
spf4j-core,org.spf4j.recyclable.impl,RecyclingSupplierBuilder.AbstractRunnableImpl,25,0,2,0,8,0,3,0,2,0
spf4j-core,org.spf4j.recyclable.impl,Powerof2ThreadLocalRecyclingSupplier.new ThreadLocal() {...},0,25,0,2,0,5,0,3,0,2
spf4j-core,org.spf4j.recyclable.impl,ObjectHolder,240,0,28,0,67,0,25,0,11,0
spf4j-core,org.spf4j.recyclable.impl,ArraySuppliers.Chars.new SizedRecyclingSupplier() {...},7,0,0,0,3,0,3,0,3,0
spf4j-core,org.spf4j.recyclable.impl,ArraySuppliers.Chars.new SizedRecyclingSupplier.Factory() {...},9,0,0,0,3,0,3,0,3,0
spf4j-core,org.spf4j.recyclable.impl,SizedThreadLocalRecyclingSupplier.new ThreadLocal() {...},10,0,0,0,2,0,2,0,2,0
spf4j-core,org.spf4j.recyclable.impl,SharingObjectPool.SharedObject,51,0,0,0,13,0,7,0,7,0
spf4j-core,org.spf4j.perf.impl.ms.graphite,GraphiteUdpStore,132,0,0,0,33,0,9,0,9,0
spf4j-core,org.spf4j.perf.impl.ms.graphite,GraphiteTcpStore,103,0,0,0,27,0,9,0,9,0
spf4j-core,org.spf4j.perf.impl.ms.graphite,GraphiteUdpStore.HandlerImpl,173,0,22,0,25,0,13,0,2,0
spf4j-core,org.spf4j.perf.impl.ms.graphite,GraphiteUdpStore.DatagramChannelSupplierFactory,60,0,4,0,22,0,6,0,4,0
spf4j-core,org.spf4j.perf.impl.ms.graphite,GraphiteTcpStore.WriterSupplierFactory,75,0,4,0,23,0,6,0,4,0
spf4j-core,org.spf4j.perf.impl.ms.graphite,GraphiteTcpStore.HandlerImpl,38,0,2,0,9,0,3,0,2,0
spf4j-core,org.spf4j.io.csv,CsvReader.TokenType,5,43,0,0,0,2,1,3,1,3
spf4j-core,org.spf4j.io.csv,CharSeparatedValues.CsvRow2List,18,0,0,0,5,0,3,0,3,0
spf4j-core,org.spf4j.io.csv,CharSeparatedValues.ToListMapHandler,17,0,0,0,5,0,3,0,3,0
spf4j-core,org.spf4j.io.csv,CharSeparatedValues,676,40,96,3,147,5,73,1,23,1
spf4j-core,org.spf4j.io.csv,CsvParseException,12,4,0,0,6,2,3,1,3,1
spf4j-core,org.spf4j.io.csv,CharSeparatedValues.CsvReaderImpl,138,0,19,0,39,0,14,0,4,0
spf4j-core,org.spf4j.io.csv,CsvRuntimeException,16,0,0,0,8,0,4,0,4,0
spf4j-core,org.spf4j.io.csv,UncheckedCsvParseException,16,0,0,0,8,0,4,0,4,0
spf4j-core,org.spf4j.io.csv,CsvReader2Iterator.new Object() {...},26,0,0,0,1,0,1,0,1,0
spf4j-core,org.spf4j.io.csv,CharSeparatedValues.OneRowHandler,30,0,2,0,9,0,5,0,4,0
spf4j-core,org.spf4j.io.csv,CharSeparatedValues.CsvMapHandler2CsvHandler,104,0,8,0,23,0,9,0,5,0
spf4j-core,org.spf4j.io.csv,CsvReader2Iterator,132,0,15,0,32,0,13,0,5,0
spf4j-core,org.spf4j.io.csv,CsvHandler,5,0,0,0,4,0,3,0,3,0
spf4j-core,org.spf4j.perf.memory,GCUsageSampler.new AbstractRunnable() {...},6,0,0,0,3,0,2,0,2,0
spf4j-core,org.spf4j.perf.memory,GCUsageSampler.new AbstractRunnable() {...},32,0,0,0,6,0,2,0,2,0
spf4j-core,org.spf4j.perf.memory,MemoryUsageSampler,99,0,6,0,29,0,13,0,10,0
spf4j-core,org.spf4j.perf.memory,MemoryUsageSampler.AccumulatorRunnable,48,0,2,0,14,0,4,0,3,0
spf4j-core,org.spf4j.perf.memory,MemoryUsageSampler.new AbstractRunnable() {...},6,0,0,0,3,0,2,0,2,0
spf4j-core,org.spf4j.perf.memory,GCUsageSampler,119,0,10,0,32,0,13,0,8,0
spf4j-core,org.spf4j.io.compress,Compress,599,0,68,0,71,0,41,0,7,0
spf4j-core,org.spf4j.io.compress,Compress.new SimpleFileVisitor() {...},48,0,0,0,9,0,3,0,3,0
spf4j-core,org.spf4j.stackmonitor,FastStackCollector,257,69,26,0,62,14,21,3,8,3
spf4j-core,org.spf4j.stackmonitor,FastStackCollector.ThreadNamesPredicate,12,0,0,0,4,0,2,0,2,0
spf4j-core,org.spf4j.stackmonitor,StackTrace,88,0,6,0,20,0,10,0,7,0
spf4j-core,org.spf4j.stackmonitor,SimpleStackCollector,50,0,4,0,11,0,4,0,2,0
spf4j-core,org.spf4j.stackmonitor,Monitor.new AbstractRunnable() {...},17,0,0,0,5,0,2,0,2,0
spf4j-core,org.spf4j.stackmonitor,Monitor,149,0,8,0,30,0,6,0,2,0
spf4j-core,org.spf4j.stackmonitor,InvokedMethod,106,0,10,0,22,0,13,0,8,0
spf4j-core,org.spf4j.stackmonitor,MxStackCollector,50,0,6,0,11,0,7,0,4,0
spf4j-core,org.spf4j.stackmonitor,ObservableStackCollector,142,0,16,0,31,0,13,0,5,0
spf4j-core,org.spf4j.stackmonitor,Sampler.new AbstractRunnable() {...},143,0,14,0,33,0,9,0,2,0
spf4j-core,org.spf4j.stackmonitor,Sampler,339,0,10,0,75,0,26,0,21,0
spf4j-core,org.spf4j.stackmonitor,AbstractStackCollector,125,0,4,0,26,0,8,0,6,0
spf4j-core,org.spf4j.stackmonitor,Spf4jProfilerException,16,0,0,0,8,0,4,0,4,0
spf4j-core,org.spf4j.stackmonitor,ObservableOnlyStackCollector,111,0,10,0,24,0,9,0,4,0
spf4j-core,org.spf4j.stackmonitor,StackVisualizer,575,0,16,0,61,0,13,0,5,0
spf4j-core,org.spf4j.stackmonitor,SampleNode,807,0,94,0,172,0,71,0,24,0
spf4j-core,org.spf4j.stackmonitor,SampleNode.InvocationCount,25,0,0,0,7,0,4,0,4,0
spf4j-core,org.spf4j.stackmonitor,Monitor.Options,18,0,0,0,6,0,1,0,1,0
