GROUP,PACKAGE,CLASS,INSTRUCTION_MISSED,INSTRUCTION_COVERED,BRANCH_MISSED,BRANCH_COVERED,LINE_MISSED,LINE_COVERED,COMPLEXITY_MISSED,COMPLEXITY_COVERED,METHOD_MISSED,METHOD_COVERED
spf4j-core,org.spf4j.perf.impl,NopMeasurementRecorder,1,6,0,0,1,2,1,2,1,2
spf4j-core,org.spf4j.perf.impl,MeasurementsInfoImpl,21,112,11,5,5,24,8,11,0,11
spf4j-core,org.spf4j.perf.impl,NopMeasurementStore,8,0,0,0,5,0,5,0,5,0
spf4j-core,org.spf4j.perf.impl,RecorderFactory,210,223,5,9,39,46,16,11,11,9
spf4j-core,org.spf4j.perf.impl,ScalableMeasurementRecorderSource,237,356,17,21,50,93,17,14,4,8
spf4j-core,org.spf4j.perf.impl,DirectRecorderSource.CreateDirectRecorder,0,34,0,0,0,8,0,2,0,2
spf4j-core,org.spf4j.perf.impl,ScalableMeasurementRecorderSource.new AbstractRunnable() {...},11,0,0,0,3,0,2,0,2,0
spf4j-core,org.spf4j.perf.impl,ScalableMeasurementRecorderSource.new ThreadLocal() {...},0,28,0,0,0,6,0,2,0,2
spf4j-core,org.spf4j.perf.impl,ScalableMeasurementRecorder,93,250,8,18,21,65,15,14,7,9
spf4j-core,org.spf4j.perf.impl,DirectStoreAccumulator,69,75,0,0,10,16,5,5,5,5
spf4j-core,org.spf4j.perf.impl,CountingAccumulator,88,136,7,3,13,26,7,11,2,11
spf4j-core,org.spf4j.perf.impl,QuantizedAccumulator,143,798,21,53,24,178,23,34,4,16
spf4j-core,org.spf4j.perf.impl,MinMaxAvgAccumulator,73,233,5,9,9,39,7,13,3,10
spf4j-core,org.spf4j.perf.impl,DirectRecorderSource,12,23,0,0,1,4,1,2,1,2
spf4j-core,org.spf4j.perf.impl,DirectStoreAccumulator.RecordedValue,15,0,0,0,6,0,3,0,3,0
spf4j-core,org.spf4j.perf.impl,ScalableMeasurementRecorder.Persister,22,50,1,5,2,17,1,5,0,3
spf4j-core,org.spf4j.perf.impl,DirectStoreMultiAccumulator,106,0,0,0,24,0,8,0,8,0
spf4j-core,org.spf4j.perf.impl,ScalableMeasurementRecorderSource.Persister,24,96,4,6,3,25,3,5,0,3
spf4j-core,org.spf4j.perf.impl,ScalableMeasurementRecorder.new AbstractRunnable() {...},11,0,0,0,3,0,2,0,2,0
spf4j-core,org.spf4j.perf.impl,ScalableMeasurementRecorder.new ThreadLocal() {...},0,31,0,0,0,6,0,2,0,2
spf4j-core,org.spf4j.perf.impl,Quanta,212,0,26,0,48,0,22,0,9,0
spf4j-core,org.spf4j.perf.impl,AbstractMeasurementAccumulator,26,9,4,0,8,4,5,1,3,1
spf4j-core,org.spf4j.perf.impl,NopMeasurementRecorderSource,7,0,0,0,2,0,2,0,2,0
spf4j-core,org.spf4j.io.tcp.proxy,ProxyBufferTransferHandler.RoomToReadHook,0,23,0,0,0,8,0,2,0,2
spf4j-core,org.spf4j.io.tcp.proxy,ProxyClientHandler,52,112,2,2,6,25,2,4,1,3
spf4j-core,org.spf4j.io.tcp.proxy,Sniffer,2,0,0,0,1,0,1,0,1,0
spf4j-core,org.spf4j.io.tcp.proxy,ProxyBufferTransferHandler.ReadInterest,0,16,0,0,0,5,0,2,0,2
spf4j-core,org.spf4j.io.tcp.proxy,TransferBuffer.Operation,0,24,0,0,0,2,0,1,0,1
spf4j-core,org.spf4j.io.tcp.proxy,ProxyBufferTransferHandler.WriteInterest,0,16,0,0,0,5,0,2,0,2
spf4j-core,org.spf4j.io.tcp.proxy,ProxyBufferTransferHandler.DataAvailableToWriteHook,0,23,0,0,0,8,0,2,0,2
spf4j-core,org.spf4j.io.tcp.proxy,ProxyBufferTransferHandler.ReadFromChannel,0,24,0,0,0,7,0,2,0,2
spf4j-core,org.spf4j.io.tcp.proxy,ProxyBufferTransferHandler,36,168,3,11,2,37,5,9,2,5
spf4j-core,org.spf4j.io.tcp.proxy,TransferBuffer,148,168,24,24,40,57,19,14,2,7
spf4j-core,org.spf4j.io.tcp.proxy,ProxyBufferTransferHandler.WriteToChannel,0,24,0,0,0,7,0,2,0,2
spf4j-core,org.spf4j.io.tcp.proxy,ProxyClientHandler.CloseChannelsOnTimeout,0,22,0,0,0,8,0,2,0,2
spf4j-core,org.spf4j.tsdb2,TSDBQuery,568,168,54,22,120,34,39,13,11,3
spf4j-core,org.spf4j.tsdb2,TSDBReader.new Callable() {...},0,21,0,0,0,3,0,2,0,2
spf4j-core,org.spf4j.tsdb2,TSDBQuery.TableDefEx,51,0,0,0,13,0,7,0,7,0
spf4j-core,org.spf4j.tsdb2,TimeSeries,44,12,2,0,7,5,3,2,2,2
spf4j-core,org.spf4j.tsdb2,TSDBWriter,74,352,4,12,12,82,4,17,1,12
spf4j-core,org.spf4j.tsdb2,TSDBReader.EventSensitivity,0,34,0,0,0,2,0,1,0,1
spf4j-core,org.spf4j.tsdb2,TSDBReader,134,334,14,26,25,78,18,21,6,12
spf4j-core,org.spf4j.perf.io,MeasuredInputStream,107,0,2,0,25,0,12,0,11,0
spf4j-core,org.spf4j.perf.io,MeasuredOutputStream,83,0,0,0,19,0,7,0,7,0
spf4j-core,org.spf4j.perf.io,OpenFilesSampler,129,0,12,0,36,0,19,0,13,0
spf4j-core,org.spf4j.perf.io,OpenFilesSampler.new AbstractRunnable() {...},6,0,0,0,3,0,2,0,2,0
spf4j-core,org.spf4j.perf.io,OpenFilesSampler.AccumulatorRunnable,118,0,8,0,29,0,10,0,6,0
spf4j-core,org.spf4j.jmx.mappers,Spf4jJMXBeanMapping.ListMXBeanType,119,165,9,13,20,35,9,7,1,4
spf4j-core,org.spf4j.jmx.mappers,Spf4jJMXBeanMapping.EnumMXBeanType,22,21,0,0,4,6,0,4,0,4
spf4j-core,org.spf4j.jmx.mappers,MapEntryOpenTypeMapping,171,195,6,6,21,33,7,6,1,6
spf4j-core,org.spf4j.jmx.mappers,MXBeanMappings,33,14,4,0,6,2,3,2,1,2
spf4j-core,org.spf4j.jmx.mappers,Spf4jJMXBeanMapping.GenericArrayMXBeanType,104,0,6,0,23,0,5,0,2,0
spf4j-core,org.spf4j.jmx.mappers,Spf4jJMXBeanMapping.ArrayMXBeanType,91,129,6,10,18,29,6,7,2,3
spf4j-core,org.spf4j.jmx.mappers,DefaultMXBeanMappingFactoryOpenTypeMapper.new MXBeanMappingFactory() {...},35,0,0,0,6,0,2,0,2,0
spf4j-core,org.spf4j.jmx.mappers,SpecificRecordOpenTypeMapping,159,238,9,9,29,58,8,14,2,10
spf4j-core,org.spf4j.jmx.mappers,Spf4jJMXBeanMapping.MapMXBeanType,68,233,6,16,9,49,7,9,1,4
spf4j-core,org.spf4j.jmx.mappers,Spf4jJMXBeanMapping,2,82,1,1,1,17,1,6,0,6
spf4j-core,org.spf4j.jmx.mappers,DefaultMXBeanMappingFactoryOpenTypeMapper,72,0,0,0,13,0,6,0,6,0
spf4j-core,org.spf4j.jmx.mappers,MXBeanMappings.new MXBeanMapping() {...},5,13,0,0,1,2,1,2,1,2
spf4j-core,org.spf4j.jmx.mappers,MXBeanMappings.new JMXBeanMapping() {...},5,23,0,0,1,5,1,5,1,5
spf4j-core,org.spf4j.jmx.mappers,Spf4jOpenTypeMapper.new ThreadLocal() {...},0,8,0,0,0,2,0,2,0,2
spf4j-core,org.spf4j.jmx.mappers,Spf4jOpenTypeMapper.new Spf4jJMXBeanMapping.BasicMXBeanType() {...},17,0,0,0,3,0,3,0,3,0
spf4j-core,org.spf4j.jmx.mappers,Spf4jOpenTypeMapper.new Spf4jJMXBeanMapping.BasicMXBeanType() {...},0,17,0,0,0,3,0,3,0,3
spf4j-core,org.spf4j.jmx.mappers,Spf4jOpenTypeMapper,43,509,6,22,7,67,9,20,3,12
spf4j-core,org.spf4j.jmx.mappers,Spf4jJMXBeanMapping.new MXBeanMappingFactory() {...},24,17,1,1,5,5,1,2,0,2
spf4j-core,org.spf4j.jmx.mappers,SpecificRecordOpenTypeMapping.new TypeToken() {...},3,0,0,0,1,0,1,0,1,0
spf4j-core,org.spf4j.jmx.mappers,SpecificRecordOpenTypeMapping.new TypeParameter() {...},0,3,0,0,0,1,0,1,0,1
spf4j-core,org.spf4j.jmx.mappers,SpecificRecordOpenTypeMapping.new TypeToken() {...},0,3,0,0,0,1,0,1,0,1
spf4j-core,org.spf4j.jmx.mappers,SpecificRecordOpenTypeMapping.new TypeParameter() {...},3,0,0,0,1,0,1,0,1,0
spf4j-core,org.spf4j.jmx.mappers,SpecificRecordOpenTypeMapping.new TypeParameter() {...},3,0,0,0,1,0,1,0,1,0
spf4j-core,org.spf4j.jmx.mappers,Spf4jJMXBeanMapping.BasicMXBeanType,0,12,0,0,0,5,0,4,0,4
spf4j-core,org.spf4j.base.avro,Converters,85,175,10,14,15,40,9,12,2,7
spf4j-core,org.spf4j.base.avro,MediaTypes,0,50,0,0,0,7,0,1,0,1
spf4j-core,org.spf4j.base.avro,Converters.TraversalNode,22,21,0,0,1,8,1,4,1,4
spf4j-core,org.spf4j.base.avro,RemoteException,115,0,10,0,21,0,9,0,4,0
spf4j-core,org.spf4j.base.avro,AThrowables,581,0,78,0,134,0,47,0,8,0
spf4j-core,org.spf4j.recyclable,RecyclerFactory.new LeaseSupplier() {...},12,0,0,0,2,0,2,0,2,0
spf4j-core,org.spf4j.recyclable,BlockingDisposable,27,11,1,1,5,5,2,2,1,2
spf4j-core,org.spf4j.recyclable,SmartRecyclingSupplier,16,26,1,1,1,5,1,3,0,3
spf4j-core,org.spf4j.recyclable,ObjectBorower.Action,0,24,0,0,0,1,0,1,0,1
spf4j-core,org.spf4j.recyclable,RecyclerFactory,5,0,0,0,1,0,1,0,1,0
spf4j-core,org.spf4j.recyclable,ObjectReturnException,16,0,0,0,8,0,4,0,4,0
spf4j-core,org.spf4j.recyclable,Template.new Callable() {...},6,26,0,0,2,2,0,2,0,2
spf4j-core,org.spf4j.recyclable,ObjectCreationException,16,0,0,0,8,0,4,0,4,0
spf4j-core,org.spf4j.recyclable,Disposable,3,0,0,0,2,0,1,0,1,0
spf4j-core,org.spf4j.recyclable,ObjectBorrowException,16,0,0,0,8,0,4,0,4,0
spf4j-core,org.spf4j.recyclable,Template,70,51,1,1,18,13,4,2,3,2
spf4j-core,org.spf4j.recyclable,SupplierException,16,0,0,0,8,0,4,0,4,0
spf4j-core,org.spf4j.recyclable,RecyclingSupplier,5,39,0,2,2,6,1,4,1,3
spf4j-core,org.spf4j.recyclable,ObjectDisposeException,16,0,0,0,8,0,4,0,4,0
spf4j-core,org.spf4j.base,Json.new JsonSerializer() {...},8,0,0,0,3,0,2,0,2,0
spf4j-core,org.spf4j.base,Json.new JsonSerializer() {...},13,25,1,3,4,8,1,3,0,2
spf4j-core,org.spf4j.base,Callables.RetryDecision,0,54,0,0,0,14,0,9,0,9
spf4j-core,org.spf4j.base,Wrapper,16,0,4,0,6,0,3,0,1,0
spf4j-core,org.spf4j.base,MutableHolder,36,32,2,2,9,11,7,5,5,5
spf4j-core,org.spf4j.base,Runtime.ShutdownRunnable,102,185,22,20,32,42,12,11,0,2
spf4j-core,org.spf4j.base,TimeSource.SystemTimeProvider,9,0,0,0,2,0,2,0,2,0
spf4j-core,org.spf4j.base,ReferenceType,5,45,0,0,0,7,1,4,1,4
spf4j-core,org.spf4j.base,Iterables,24,0,2,0,7,0,3,0,2,0
spf4j-core,org.spf4j.base,CheckedRunnable,16,0,0,0,8,0,4,0,4,0
spf4j-core,org.spf4j.base,ExecutionContext,269,80,30,8,65,22,36,9,18,8
spf4j-core,org.spf4j.base,Reflections.new CacheLoader() {...},8,3,0,0,1,1,1,1,1,1
spf4j-core,org.spf4j.base,Reflections.new CacheLoader() {...},2,23,1,1,1,5,1,2,0,2
spf4j-core,org.spf4j.base,Reflections.new PrivilegedAction() {...},0,12,0,0,0,3,0,2,0,2
spf4j-core,org.spf4j.base,CallablesNano.NanoTimeoutCallable,5,0,0,0,2,0,1,0,1,0
spf4j-core,org.spf4j.base,ExecutionContexts.ThreadLocalScopeImpl,0,18,0,0,0,4,0,1,0,1
spf4j-core,org.spf4j.base,CharSequenceTranslator,26,70,3,9,6,20,4,6,1,3
spf4j-core,org.spf4j.base,MutableInteger,43,0,6,0,14,0,9,0,6,0
spf4j-core,org.spf4j.base,TLScratch,3,97,3,13,1,24,3,8,0,3
spf4j-core,org.spf4j.base,SerializablePair.PairProxy,0,6,0,0,0,1,0,1,0,1
spf4j-core,org.spf4j.base,ParameterizedException,22,0,0,0,6,0,4,0,4,0
spf4j-core,org.spf4j.base,Callables.TimeoutRetryPredicate,0,5,0,0,0,1,0,1,0,1
spf4j-core,org.spf4j.base,Callables.DefaultAdvancedRetryPredicateImpl,0,14,0,2,0,5,0,2,0,1
spf4j-core,org.spf4j.base,Json,13,62,1,3,3,16,2,4,1,3
spf4j-core,org.spf4j.base,Callables,116,212,12,28,24,57,21,17,9,9
spf4j-core,org.spf4j.base,ExecutionContext.Relation,0,24,0,0,0,2,0,1,0,1
spf4j-core,org.spf4j.base,UncheckedExecutionException,16,4,0,0,6,2,3,1,3,1
spf4j-core,org.spf4j.base,Strings.new PrivilegedAction() {...},15,13,0,0,5,5,0,2,0,2
spf4j-core,org.spf4j.base,Strings.new PrivilegedAction() {...},40,22,0,0,10,5,0,2,0,2
spf4j-core,org.spf4j.base,Strings.new ThreadLocal() {...},0,5,0,0,0,2,0,2,0,2
spf4j-core,org.spf4j.base,Strings.new ThreadLocal() {...},0,5,0,0,0,2,0,2,0,2
spf4j-core,org.spf4j.base,TimeSource,74,55,5,5,9,15,5,8,1,7
spf4j-core,org.spf4j.base,PackageInfo,2,67,1,7,1,18,1,8,0,5
spf4j-core,org.spf4j.base,ExecutionContexts.PropagatingSupplier,44,0,2,0,10,0,5,0,4,0
spf4j-core,org.spf4j.base,CharSequences.new Appendable() {...},22,76,3,5,4,13,3,5,1,3
spf4j-core,org.spf4j.base,ExecutionContext.Tag,0,4,0,0,0,2,0,2,0,2
spf4j-core,org.spf4j.base,EqualsPredicate,23,0,0,0,5,0,3,0,3,0
spf4j-core,org.spf4j.base,NameValue,11,0,0,0,3,0,2,0,2,0
spf4j-core,org.spf4j.base,IntMath.XorShift32ThreadSafe.ThreadLocalRandom,4,0,0,0,1,0,1,0,1,0
spf4j-core,org.spf4j.base,CloneFailedException,16,0,0,0,8,0,4,0,4,0
spf4j-core,org.spf4j.base,ExecutionContexts.new ThreadLocal() {...},0,8,0,0,0,2,0,2,0,2
spf4j-core,org.spf4j.base,Callables.AdvancedRetryPredicate.new Callables.AdvancedRetryPredicate() {...},2,3,0,0,1,1,1,1,1,1
spf4j-core,org.spf4j.base,JNA,9,10,1,1,4,2,2,1,1,1
spf4j-core,org.spf4j.base,Closeables,78,74,13,7,27,21,10,8,3,5
spf4j-core,org.spf4j.base,EscapeJsonStringAppendableWrapper,14,49,1,5,1,12,2,6,1,4
spf4j-core,org.spf4j.base,IntMath.XorShift32ThreadSafe,15,0,0,0,3,0,2,0,2,0
spf4j-core,org.spf4j.base,Runtime.Version,23,149,3,1,3,5,2,2,0,2
spf4j-core,org.spf4j.base,ExecutionContexts.PropagatingFunction,45,0,2,0,10,0,5,0,4,0
spf4j-core,org.spf4j.base,ExecutionContexts.PropagatingNamedCallable,44,0,2,0,10,0,5,0,4,0
spf4j-core,org.spf4j.base,ExitException,0,17,0,0,0,4,0,2,0,2
spf4j-core,org.spf4j.base,Arrays,1030,253,151,29,194,52,95,18,16,7
spf4j-core,org.spf4j.base,DateTimeFormats,0,19,0,0,0,7,0,1,0,1
spf4j-core,org.spf4j.base,Callables.RetryData,0,61,0,6,0,18,0,5,0,2
spf4j-core,org.spf4j.base,Methods,31,128,1,5,5,26,2,11,1,9
spf4j-core,org.spf4j.base,AlmostSafe,6,17,0,0,2,5,0,2,0,2
spf4j-core,org.spf4j.base,CallablesNano.TimeoutNanoRetryPredicate.new CallablesNano.TimeoutNanoRetryPredicate() {...},5,0,0,0,2,0,2,0,2,0
spf4j-core,org.spf4j.base,Either.Right,13,10,0,0,1,4,1,3,1,3
spf4j-core,org.spf4j.base,CallablesNano,61,0,0,0,9,0,7,0,7,0
spf4j-core,org.spf4j.base,Timing,29,106,4,2,7,25,4,9,2,8
spf4j-core,org.spf4j.base,BasicExecutionContext,168,340,28,34,48,97,29,31,7,22
spf4j-core,org.spf4j.base,ExecutionContexts.PropagatingBiConsumer,5,39,1,1,1,10,2,3,1,3
spf4j-core,org.spf4j.base,Iterables.new Consumer() {...},35,0,2,0,10,0,3,0,2,0
spf4j-core,org.spf4j.base,TimeoutDeadline,126,0,12,0,24,0,13,0,7,0
spf4j-core,org.spf4j.base,Callables.RetryPredicate,5,0,0,0,1,0,1,0,1,0
spf4j-core,org.spf4j.base,ExecutionContexts.PropagatingConsumer,43,0,2,0,11,0,5,0,4,0
spf4j-core,org.spf4j.base,ExecutionContexts.PropagatingBiFunction,46,0,2,0,10,0,5,0,4,0
spf4j-core,org.spf4j.base,MutableHolder.ComparableHolder,12,25,4,2,6,8,4,3,1,3
spf4j-core,org.spf4j.base,Either.Left,13,10,0,0,1,4,1,3,1,3
spf4j-core,org.spf4j.base,Threads.OracleJdkThreadInfoSupplier,30,54,0,0,12,16,0,4,0,4
spf4j-core,org.spf4j.base,AggregateTranslator,13,37,0,4,1,8,1,4,1,2
spf4j-core,org.spf4j.base,Callables.RetryDecision.Type,0,24,0,0,0,2,0,1,0,1
spf4j-core,org.spf4j.base,ComparablePair,27,7,2,0,4,2,3,1,2,1
spf4j-core,org.spf4j.base,IntAppender.SimplePrefixNumberAppender,13,0,0,0,3,0,2,0,2,0
spf4j-core,org.spf4j.base,Reflections,450,402,51,35,97,91,43,27,11,16
spf4j-core,org.spf4j.base,Threads,78,65,7,5,21,19,6,6,2,4
spf4j-core,org.spf4j.base,SysExits,28,650,6,4,4,68,6,5,2,4
spf4j-core,org.spf4j.base,TimeoutRunnable,25,0,0,0,11,0,5,0,5,0
spf4j-core,org.spf4j.base,Runtime.new ProcessHandler() {...},56,0,4,0,13,0,5,0,3,0
spf4j-core,org.spf4j.base,ExecutionContexts,323,328,17,21,59,72,42,39,31,31
spf4j-core,org.spf4j.base,InstrumentationHelper,7,0,0,0,3,0,2,0,2,0
spf4j-core,org.spf4j.base,AbstractRunnable,25,62,4,6,7,25,3,9,0,7
spf4j-core,org.spf4j.base,Pair,24,207,9,21,9,40,10,19,1,13
spf4j-core,org.spf4j.base,AppendableUtils.new ThreadLocal() {...},0,6,0,0,0,2,0,2,0,2
spf4j-core,org.spf4j.base,Callables.AdvancedRetryPredicate,0,9,0,0,0,2,0,2,0,2
spf4j-core,org.spf4j.base,Throwables.new Predicate() {...},0,36,2,12,0,9,2,7,0,2
spf4j-core,org.spf4j.base,Throwables.new PrivilegedAction() {...},6,18,0,0,2,4,0,2,0,2
spf4j-core,org.spf4j.base,Throwables.new Predicate() {...},8,67,9,17,2,15,8,8,0,3
spf4j-core,org.spf4j.base,Callables.TimeoutRetryPredicate.new Callables.TimeoutRetryPredicate() {...},0,5,0,0,0,2,0,2,0,2
spf4j-core,org.spf4j.base,Callables.ConstCallable,21,0,0,0,5,0,3,0,3,0
spf4j-core,org.spf4j.base,Reflections.MethodDesc,59,31,8,0,12,9,6,5,2,5
spf4j-core,org.spf4j.base,Version,36,261,8,34,9,64,13,24,5,11
spf4j-core,org.spf4j.base,Throwables.TrimmedException,0,6,0,0,0,3,0,2,0,2
spf4j-core,org.spf4j.base,ExecutionContexts.PropagatingCallable,24,0,0,0,6,0,2,0,2,0
spf4j-core,org.spf4j.base,SerializablePair,0,30,0,0,0,7,0,3,0,3
spf4j-core,org.spf4j.base,ArrayBuilder,37,71,4,4,7,20,5,7,2,6
spf4j-core,org.spf4j.base,Threads.SlowThreadInfoSupplierImpl,35,0,2,0,7,0,3,0,2,0
spf4j-core,org.spf4j.base,Objects,14,39,0,0,2,7,0,1,0,1
spf4j-core,org.spf4j.base,XCollectors,7,92,0,8,2,22,2,11,2,7
spf4j-core,org.spf4j.base,Callables.TimeoutRetryPredicate2RetryPredicate,0,17,0,0,0,5,0,2,0,2
spf4j-core,org.spf4j.base,JsonWriteable,6,9,0,0,2,5,0,2,0,2
spf4j-core,org.spf4j.base,Either,70,35,18,2,15,7,12,6,3,5
spf4j-core,org.spf4j.base,Throwables,274,1056,35,121,79,264,43,87,15,37
spf4j-core,org.spf4j.base,IntMath.XorShift32,5,36,1,1,1,7,1,2,0,2
spf4j-core,org.spf4j.base,UncheckedTimeoutException,20,0,0,0,8,0,4,0,4,0
spf4j-core,org.spf4j.base,SuppressedThrowable,6,0,0,0,3,0,2,0,2,0
spf4j-core,org.spf4j.base,CharSequences.SubSequence,67,28,5,1,10,7,6,2,3,2
spf4j-core,org.spf4j.base,CallablesNano.TimeoutNanoRetryPredicate,5,0,0,0,1,0,1,0,1,0
spf4j-core,org.spf4j.base,PackageInfo.new CacheLoader() {...},0,6,0,0,0,2,0,2,0,2
spf4j-core,org.spf4j.base,Callables.RetryPredicate.new Callables.RetryPredicate() {...},5,0,0,0,2,0,2,0,2,0
spf4j-core,org.spf4j.base,Runtime,481,393,50,14,100,95,49,22,19,20
spf4j-core,org.spf4j.base,Strings,297,444,33,21,86,70,40,25,16,22
spf4j-core,org.spf4j.base,Reflections.2.new PrivilegedAction() {...},0,15,0,0,0,3,0,2,0,2
spf4j-core,org.spf4j.base,JavaUtils,2,32,1,9,1,10,1,5,0,1
spf4j-core,org.spf4j.base,MemorizedCallable,12,42,0,4,1,14,1,5,1,3
spf4j-core,org.spf4j.base,IntMath,15,9,3,1,1,1,3,1,1,1
spf4j-core,org.spf4j.base,Callables.FibonacciBackoffRetryPredicate,55,165,4,12,6,36,4,9,0,4
spf4j-core,org.spf4j.base,Holder,36,0,0,0,10,0,6,0,6,0
spf4j-core,org.spf4j.base,CharSequences,813,651,120,82,152,142,85,53,13,23
spf4j-core,org.spf4j.base,ExecutionContexts.ThreadLocalScopeImpl.AttachedImpl,38,41,2,4,3,13,2,5,0,4
spf4j-core,org.spf4j.base,Callables.SimpleAction,24,0,0,0,2,0,1,0,1,0
spf4j-core,org.spf4j.base,Runnables,34,0,4,0,10,0,3,0,1,0
spf4j-core,org.spf4j.base,XCollectors.CollectorImpl,8,33,0,0,2,12,1,6,1,6
spf4j-core,org.spf4j.base,Comparables,111,82,25,19,21,24,18,9,2,3
spf4j-core,org.spf4j.base,LookupTranslator,89,106,12,12,18,25,10,7,3,2
spf4j-core,org.spf4j.base,Callables.TimeoutCallable,6,17,0,0,3,5,1,3,1,3
spf4j-core,org.spf4j.base,Callables.AdvancedAction,0,44,0,0,0,5,0,1,0,1
spf4j-core,org.spf4j.base,ExecutionContexts.PropagatingRunnable,5,37,1,1,1,10,2,3,1,3
spf4j-core,org.spf4j.base,IntMath.XorShift128,0,54,0,0,0,9,0,2,0,2
spf4j-core,org.spf4j.base,UnicodeUnescaper,92,25,12,4,15,4,7,3,0,2
spf4j-core,org.spf4j.base,Base64,602,481,42,33,89,78,34,25,8,12
spf4j-core,org.spf4j.base,IntMath.XorShift32ThreadSafe.Singleton,8,0,0,0,2,0,2,0,2,0
spf4j-core,org.spf4j.base,Callables.new Callables.SimpleRetryPredicate() {...},6,3,2,0,1,1,2,1,1,1
spf4j-core,org.spf4j.base,Callables.new Callable() {...},10,0,0,0,2,0,2,0,2,0
spf4j-core,org.spf4j.base,Callables.new Predicate() {...},9,3,2,0,1,1,2,1,1,1
spf4j-core,org.spf4j.base,Throwables.PackageDetail,0,34,0,0,0,4,0,1,0,1
spf4j-core,org.spf4j.base,Callables.new Callable() {...},41,0,0,0,7,0,3,0,3,0
spf4j-core,org.spf4j.base,Runtime.Jmx,5,3,0,0,3,1,2,1,2,1
spf4j-core,org.spf4j.base,ExecutionContexts.BasicExecutionContextFactory,0,10,0,0,0,1,0,1,0,1
spf4j-core,org.spf4j.base,OctalUnescaper,81,35,18,6,12,5,12,4,1,3
spf4j-core,org.spf4j.base,XCollectors.new BinaryOperator() {...},0,21,0,0,0,4,0,2,0,2
spf4j-core,org.spf4j.base,NoExitSecurityManager,0,13,0,0,0,5,0,4,0,4
spf4j-core,org.spf4j.base,Slf4jMessageFormatter,351,367,34,42,76,86,30,28,8,12
spf4j-core,org.spf4j.base,AppendableUtils,99,475,13,29,23,83,13,24,3,8
spf4j-core,org.spf4j.base,IntAppender.CommentNumberAppender,0,15,0,0,0,3,0,2,0,2
spf4j-core,org.spf4j.base,Writeable,6,5,0,0,2,3,0,1,0,1
spf4j-core,org.spf4j.ssdump2,Converter,32,353,2,18,2,79,2,16,0,8
spf4j-core,org.spf4j.ssdump2,Converter.new Iterator() {...},20,34,0,2,7,5,1,4,1,3
spf4j-core,org.spf4j.concurrent,UnboundedLoadingCache.new Callable() {...},16,0,0,0,2,0,2,0,2,0
spf4j-core,org.spf4j.concurrent,UnboundedLoadingCache.new Callable() {...},0,16,0,0,0,2,0,2,0,2
spf4j-core,org.spf4j.concurrent,DefaultContextAwareScheduledExecutor,8,0,0,0,3,0,2,0,2,0
spf4j-core,org.spf4j.concurrent,ScalableSequence.new ThreadLocal() {...},0,27,0,0,0,3,0,2,0,2
spf4j-core,org.spf4j.concurrent,ScalableSequence.Bucket,0,34,0,2,0,9,0,5,0,4
spf4j-core,org.spf4j.concurrent,PermitSupplier.new Semaphore() {...},20,19,0,0,5,4,3,4,3,4
spf4j-core,org.spf4j.concurrent,RestartableServiceImpl,62,87,2,2,17,30,10,11,8,10
spf4j-core,org.spf4j.concurrent,LifoThreadPoolExecutorSQP.PoolState,46,63,2,4,6,20,4,9,2,8
spf4j-core,org.spf4j.concurrent,ConcurrentStack,59,0,6,0,13,0,7,0,4,0
spf4j-core,org.spf4j.concurrent,DefaultExecutor,36,50,3,1,5,13,3,2,0,2
spf4j-core,org.spf4j.concurrent,LifoThreadPoolBuilder,89,98,1,1,12,30,7,10,6,10
spf4j-core,org.spf4j.concurrent,UnboundedLoadingCache2.new Function() {...},20,0,0,0,4,0,2,0,2,0
spf4j-core,org.spf4j.concurrent,ContextPropagatingScheduledExecutorService,44,0,0,0,8,0,6,0,6,0
spf4j-core,org.spf4j.concurrent,UnboundedLoadingCache2.new Function() {...},19,0,0,0,4,0,2,0,2,0
spf4j-core,org.spf4j.concurrent,DefaultContextAwareExecutor,0,8,0,0,0,2,0,2,0,2
spf4j-core,org.spf4j.concurrent,ThreadLocalBufferedConsumer,147,0,10,0,36,0,10,0,5,0
spf4j-core,org.spf4j.concurrent,UnboundedRacyLoadingCache,243,0,14,0,65,0,27,0,20,0
spf4j-core,org.spf4j.concurrent,ContextPropagatingExecutorService,131,12,4,0,28,5,16,2,14,2
spf4j-core,org.spf4j.concurrent,LifoThreadPoolExecutorSQP.QueuedThread,57,244,6,20,15,75,5,16,0,8
spf4j-core,org.spf4j.concurrent,AtomicSequence,4,13,0,0,1,4,1,2,1,2
spf4j-core,org.spf4j.concurrent,Atomics,45,71,10,8,14,18,9,6,2,4
spf4j-core,org.spf4j.concurrent,ConcurrentStack.Node,9,0,0,0,4,0,1,0,1,0
spf4j-core,org.spf4j.concurrent,UnboundedLoadingCache,205,80,16,4,55,19,24,8,16,6
spf4j-core,org.spf4j.concurrent,ThreadLocalBufferedConsumer.new ThreadLocal() {...},24,0,0,0,4,0,2,0,2,0
spf4j-core,org.spf4j.concurrent,FutureBean,193,0,26,0,49,0,26,0,13,0
spf4j-core,org.spf4j.concurrent,CompoundSemaphore,37,80,4,6,11,21,4,7,1,5
spf4j-core,org.spf4j.concurrent,CustomThreadFactory,41,71,1,1,3,13,3,3,2,3
spf4j-core,org.spf4j.concurrent,PermitSupplier,16,31,1,1,1,7,1,5,0,5
spf4j-core,org.spf4j.concurrent,LockRuntimeException,16,0,0,0,8,0,4,0,4,0
spf4j-core,org.spf4j.concurrent,UnboundedLoadingCache.MapView,165,0,10,0,33,0,22,0,17,0
spf4j-core,org.spf4j.concurrent,ContextPropagatingCompletableFuture,584,93,9,3,94,23,51,6,45,6
spf4j-core,org.spf4j.concurrent,Futures.new Future() {...},23,0,0,0,6,0,6,0,6,0
spf4j-core,org.spf4j.concurrent,DefaultExecutor.new AbstractRunnable() {...},9,18,1,1,1,6,1,2,0,2
spf4j-core,org.spf4j.concurrent,InterruptibleCompletableFuture,59,8,2,0,12,2,4,1,3,1
spf4j-core,org.spf4j.concurrent,LocalSemaphore,14,36,1,1,2,9,2,4,1,4
spf4j-core,org.spf4j.concurrent,UpdateResult,44,0,0,0,9,0,6,0,6,0
spf4j-core,org.spf4j.concurrent,UIDGenerator,116,122,5,7,26,28,12,6,7,5
spf4j-core,org.spf4j.concurrent,RejectedExecutionHandler.new RejectedExecutionHandler() {...},0,7,0,0,0,2,0,2,0,2
spf4j-core,org.spf4j.concurrent,LifoThreadPoolExecutorSQP,279,424,12,30,57,94,29,24,19,13
spf4j-core,org.spf4j.concurrent,RejectedExecutionHandler.new RejectedExecutionHandler() {...},0,6,0,0,0,3,0,2,0,2
spf4j-core,org.spf4j.concurrent,ScalableSequence,29,51,1,3,2,12,2,3,1,2
spf4j-core,org.spf4j.concurrent,FileBasedLock,224,259,31,27,67,67,27,22,6,14
spf4j-core,org.spf4j.concurrent,Futures,115,126,19,7,45,30,12,9,2,6
spf4j-core,org.spf4j.concurrent,DefaultScheduler.new AbstractRunnable() {...},9,18,1,1,1,6,1,2,0,2
spf4j-core,org.spf4j.concurrent,AtomicReferenceExt,11,0,0,0,5,0,3,0,3,0
spf4j-core,org.spf4j.concurrent,RejectedExecutionHandler,0,9,0,0,0,2,0,1,0,1
spf4j-core,org.spf4j.concurrent,DefaultScheduler,2,63,0,2,1,17,1,4,1,3
spf4j-core,org.spf4j.concurrent,Semaphore,2,4,0,0,1,2,1,1,1,1
spf4j-core,org.spf4j.concurrent,UnboundedLoadingCache2,199,0,10,0,46,0,25,0,20,0
spf4j-core,org.spf4j.unix,Ulimit,92,66,13,5,19,16,9,3,0,3
spf4j-core,org.spf4j.unix,UnixException,80,0,10,0,20,0,11,0,6,0
spf4j-core,org.spf4j.unix,UnixResources,103,285,6,6,10,44,9,8,3,8
spf4j-core,org.spf4j.unix,Lsof,97,41,17,5,21,8,12,2,1,2
spf4j-core,org.spf4j.unix,CLibrary,0,6,0,0,0,1,0,1,0,1
spf4j-core,org.spf4j.unix,JVMArguments,726,490,70,43,140,115,61,31,15,19
spf4j-core,org.spf4j.unix,UnixRuntime,76,0,8,0,15,0,7,0,3,0
spf4j-core,org.spf4j.unix,JVMArguments.StringArrayMemory,0,61,0,4,0,14,0,6,0,4
spf4j-core,org.spf4j.unix,CLibrary.FILE,7,0,0,0,4,0,2,0,2,0
spf4j-core,org.spf4j.net,SntpClient.new Callable() {...},2,62,1,1,0,7,1,2,0,2
spf4j-core,org.spf4j.net,Timing,9,44,0,0,3,7,3,3,3,3
spf4j-core,org.spf4j.net,SntpClient,82,506,9,21,7,79,9,19,1,12
spf4j-core,org.spf4j.io.tcp,SelectorEventHandler,0,3,0,0,0,1,0,1,0,1
spf4j-core,org.spf4j.io.tcp,DeadlineAction,17,20,0,0,1,7,1,4,1,4
spf4j-core,org.spf4j.io.tcp,DeadlineAction.new Comparator() {...},20,3,4,0,6,1,3,1,1,1
spf4j-core,org.spf4j.io.tcp,AcceptorSelectorEventHandler,58,66,1,3,6,18,3,6,2,5
spf4j-core,org.spf4j.io.tcp,TcpServer.TcpServerGuavaService,60,202,2,16,12,53,4,14,2,7
spf4j-core,org.spf4j.io.tcp,TcpServer,0,36,0,0,0,7,0,4,0,4
spf4j-core,org.spf4j.io.tcp,TcpServer.new Supplier() {...},0,32,0,0,0,2,0,2,0,2
spf4j-core,org.spf4j.failsafe.concurrent,FailSafeExecutorImpl.RetryManager,0,42,2,2,0,13,2,2,0,2
spf4j-core,org.spf4j.failsafe.concurrent,FailSafeExecutorImpl.new FailSafeExecutorImpl.FirstFuture() {...},61,0,8,0,17,0,6,0,2,0
spf4j-core,org.spf4j.failsafe.concurrent,FailSafeExecutorImpl.new Future() {...},20,3,0,0,5,1,5,1,5,1
spf4j-core,org.spf4j.failsafe.concurrent,FutureTask,208,337,57,49,63,103,44,31,6,16
spf4j-core,org.spf4j.failsafe.concurrent,FailSafeExecutorImpl.ConsumableRetryFutureTask,0,16,0,0,0,5,0,2,0,2
spf4j-core,org.spf4j.failsafe.concurrent,DefaultFailSafeExecutor,0,14,0,0,0,6,0,3,0,3
spf4j-core,org.spf4j.failsafe.concurrent,FailSafeExecutorImpl,247,257,13,15,47,60,17,16,8,11
spf4j-core,org.spf4j.failsafe.concurrent,RetryFutureTask,47,241,12,24,7,65,11,14,0,6
spf4j-core,org.spf4j.failsafe.concurrent,FutureTask.WaitNode,0,6,0,0,0,3,0,1,0,1
spf4j-core,org.spf4j.failsafe.concurrent,FailSafeExecutorImpl.FirstFuture,40,151,11,17,9,32,8,13,1,6
spf4j-core,org.spf4j.failsafe.concurrent,FailSafeExecutor,23,0,0,0,2,0,4,0,4,0
spf4j-core,org.spf4j.failsafe.concurrent,DelayedTask,49,72,8,8,10,20,8,8,2,6
spf4j-core,org.spf4j.perf.impl.ms.tsdb,TSDBTxtMeasurementStore,0,121,0,2,0,27,0,7,0,6
spf4j-core,org.spf4j.perf.impl.ms.tsdb,TSDBMeasurementStore,27,91,0,2,5,20,2,8,2,7
spf4j-core,org.spf4j.io,WriterOutputStream,24,66,0,2,5,23,3,8,3,7
spf4j-core,org.spf4j.io,PipedOutputStream,230,468,18,44,35,103,20,32,6,15
spf4j-core,org.spf4j.io,ConfigurableAppenderSupplier.ObjectAppenderContentTypeAdapter,25,0,0,0,9,0,4,0,4,0
spf4j-core,org.spf4j.io,DebugInputStream,94,0,0,0,20,0,11,0,11,0
spf4j-core,org.spf4j.io,PushbackInputStreamEx,56,10,3,1,6,5,5,2,3,2
spf4j-core,org.spf4j.io,DeletingVisitor,106,0,12,0,30,0,13,0,7,0
spf4j-core,org.spf4j.io,SetFilesReadOnlyVisitor,29,0,2,0,7,0,6,0,5,0
spf4j-core,org.spf4j.io,LazyOutputStreamWrapper,81,0,4,0,24,0,10,0,8,0
spf4j-core,org.spf4j.io,ReaderInputStream,333,0,38,0,74,0,30,0,11,0
spf4j-core,org.spf4j.io,PushbackReader,324,65,34,6,56,18,29,6,10,5
spf4j-core,org.spf4j.io,Streams,28,90,5,11,8,29,4,7,1,2
spf4j-core,org.spf4j.io,ByteArrayBuilder,78,160,15,13,15,44,17,14,5,12
spf4j-core,org.spf4j.io,BufferedInputStream,309,238,41,27,55,61,33,18,6,11
spf4j-core,org.spf4j.io,AppendableOutputStream,60,269,4,16,12,78,7,18,3,12
spf4j-core,org.spf4j.io,AppendableLimiterWithOverflow,86,312,5,29,4,71,6,19,1,7
spf4j-core,org.spf4j.io,IOTimeoutException,8,32,0,0,2,8,2,3,2,3
spf4j-core,org.spf4j.io,PipedOutputStream.PipedInputStream,128,295,12,30,15,61,13,16,2,6
spf4j-core,org.spf4j.io,MemorizingBufferedInputStream,233,600,20,58,38,134,25,36,7,15
spf4j-core,org.spf4j.io,ClosedOutputStream,17,0,0,0,2,0,2,0,2,0
spf4j-core,org.spf4j.io,ConfigurableAppenderSupplier,122,164,14,16,14,37,15,13,4,9
spf4j-core,org.spf4j.io,AppendableWriter,94,60,5,3,21,20,10,7,7,6
spf4j-core,org.spf4j.io,BufferedOutputStream,226,0,20,0,45,0,19,0,9,0
spf4j-core,org.spf4j.io,ObjectAppender.new ObjectAppender() {...},0,44,0,8,0,15,0,6,0,2
spf4j-core,org.spf4j.io,PathsIOException,42,0,0,0,10,0,4,0,4,0
spf4j-core,org.spf4j.io,Csv,77,186,8,20,23,46,16,21,9,14
spf4j-core,org.spf4j.io,CountingInputStream,91,47,6,2,17,13,10,4,6,4
spf4j-core,org.spf4j.io,AppendableLimiterWithOverflow.new AppendableLimiterWithOverflow.OverflowSupplier() {...},0,52,0,0,0,8,0,3,0,3
spf4j-core,org.spf4j.io,FSWatchEventSensitivity,34,0,0,0,2,0,1,0,1,0
spf4j-core,org.spf4j.io,EmptyInputStream,7,0,0,0,2,0,2,0,2,0
spf4j-core,org.spf4j.io,ObjectAppenderSupplier,0,5,0,0,0,1,0,1,0,1
spf4j-core,org.spf4j.io,ObjectAppender,34,51,3,3,10,13,4,5,2,4
spf4j-core,org.spf4j.perf.cpu,CpuUsageSampler.new AbstractRunnable() {...},22,0,0,0,6,0,2,0,2,0
spf4j-core,org.spf4j.perf.cpu,CpuUsageSampler.new AbstractRunnable() {...},0,6,0,0,0,3,0,2,0,2
spf4j-core,org.spf4j.perf.cpu,ThreadUsageSampler,274,0,26,0,64,0,22,0,9,0
spf4j-core,org.spf4j.perf.cpu,ThreadUsageSampler.ThreadStateRecorder,89,0,10,0,26,0,7,0,2,0
spf4j-core,org.spf4j.perf.cpu,CpuUsageSampler,47,22,7,3,11,9,7,3,2,3
spf4j-core,org.spf4j.perf.cpu,ThreadUsageSampler.new AbstractRunnable() {...},37,0,4,0,11,0,5,0,2,0
spf4j-core,org.spf4j.os,LoggingProcessHandler,95,0,4,0,16,0,7,0,5,0
spf4j-core,org.spf4j.os,ProcessUtil,60,39,2,2,14,12,3,5,1,5
spf4j-core,org.spf4j.os,ProcessHandler,8,1,0,0,2,1,2,1,2,1
spf4j-core,org.spf4j.os,StdOutToStringProcessHandler,22,125,2,6,3,23,3,6,1,4
spf4j-core,org.spf4j.os,StdOutLineCountProcessHandler,34,0,4,0,7,0,4,0,2,0
spf4j-core,org.spf4j.os,ProcessResponse,22,25,0,0,1,9,1,5,1,5
spf4j-core,org.spf4j.os,OperatingSystem,277,319,30,12,69,71,22,15,3,13
spf4j-core,org.spf4j.jmx,JMXBeanMapping,0,9,0,0,0,2,0,2,0,2
spf4j-core,org.spf4j.jmx,GenericExportedValue,98,50,6,2,19,17,7,7,3,7
spf4j-core,org.spf4j.jmx,ExportedValuesMBean,529,249,27,11,72,51,20,14,5,10
spf4j-core,org.spf4j.jmx,Client,0,73,0,0,0,13,0,3,0,3
spf4j-core,org.spf4j.jmx,MapExportedValue,67,76,6,6,10,21,7,8,1,8
spf4j-core,org.spf4j.jmx,GenericExportedOperation,146,147,8,12,20,36,9,9,1,7
spf4j-core,org.spf4j.jmx,GlobalMXBeanMapperSupplier,19,9,2,0,6,2,4,2,3,2
spf4j-core,org.spf4j.jmx,ExportedValue,33,45,4,8,7,9,3,4,0,1
spf4j-core,org.spf4j.jmx,ExportedOperationImpl,116,200,5,19,15,50,6,14,1,7
spf4j-core,org.spf4j.jmx,JMXBeanMapping.new JMXBeanMapping() {...},20,3,0,0,5,1,5,1,5,1
spf4j-core,org.spf4j.jmx,ExportedOperation,6,0,0,0,1,0,1,0,1,0
spf4j-core,org.spf4j.jmx,BeanExportedValue,158,154,9,13,16,29,10,13,1,11
spf4j-core,org.spf4j.jmx,Registry,62,166,2,6,13,39,5,15,3,13
spf4j-core,org.spf4j.jmx,DynamicMBeanBuilder,255,524,27,63,32,113,26,40,6,15
spf4j-core,org.spf4j.io.appenders,SpecificRecordAppender,19,116,5,1,6,32,4,4,1,4
spf4j-core,org.spf4j.io.appenders,ArrayLongAppender,50,3,4,0,13,1,5,1,3,1
spf4j-core,org.spf4j.io.appenders,JsonWriteableAppender,0,9,0,0,0,4,0,3,0,3
spf4j-core,org.spf4j.io.appenders,CharsequenceAppender,0,8,0,0,0,3,0,2,0,2
spf4j-core,org.spf4j.io.appenders,ArrayObjectAppender,52,3,4,0,15,1,5,1,3,1
spf4j-core,org.spf4j.io.appenders,LocalDateAppender,5,3,0,0,2,1,1,1,1,1
spf4j-core,org.spf4j.io.appenders,ArrayFloatAppender,50,3,4,0,13,1,5,1,3,1
spf4j-core,org.spf4j.io.appenders,NumberAppender,6,9,0,0,2,3,2,2,2,2
spf4j-core,org.spf4j.io.appenders,ArrayIntAppender,50,3,4,0,13,1,5,1,3,1
spf4j-core,org.spf4j.io.appenders,PathAppender,6,3,0,0,2,1,1,1,1,1
spf4j-core,org.spf4j.io.appenders,WriteableAppender,0,7,0,0,0,3,0,2,0,2
spf4j-core,org.spf4j.io.appenders,SpecificRecordAppender.new ThreadLocal() {...},0,8,0,0,0,2,0,2,0,2
spf4j-core,org.spf4j.io.appenders,MapAppender,6,108,1,5,2,30,2,6,1,4
spf4j-core,org.spf4j.io.appenders,JsonEncoderFactory,8,22,1,1,2,7,1,3,0,3
spf4j-core,org.spf4j.io.appenders,SqlDateAppender,0,9,0,0,0,3,0,2,0,2
spf4j-core,org.spf4j.io.appenders,CollectionAppender,12,46,1,5,3,14,2,5,1,3
spf4j-core,org.spf4j.io.appenders,CalendarAppender,6,3,0,0,2,1,1,1,1,1
spf4j-core,org.spf4j.io.appenders,ArrayBooleanAppender,50,3,4,0,13,1,5,1,3,1
spf4j-core,org.spf4j.io.appenders,ArrayShortAppender,50,3,4,0,13,1,5,1,3,1
spf4j-core,org.spf4j.io.appenders,SpecificRecordBaseAppender,0,15,0,0,0,5,0,4,0,4
spf4j-core,org.spf4j.io.appenders,InstantAppender,0,8,0,0,0,3,0,2,0,2
spf4j-core,org.spf4j.io.appenders,GenericRecordAppender,46,3,0,0,14,1,2,1,2,1
spf4j-core,org.spf4j.io.appenders,ArrayCharsAppender,20,3,0,0,6,1,3,1,3,1
spf4j-core,org.spf4j.io.appenders,ArrayDoubleAppender,50,3,4,0,13,1,5,1,3,1
spf4j-core,org.spf4j.io.appenders,DateAppender,6,3,0,0,2,1,1,1,1,1
spf4j-core,org.spf4j.io.appenders,ArrayBytesAppender,21,3,0,0,6,1,3,1,3,1
spf4j-core,org.spf4j.pool.jdbc,PooledDataSource.new InvocationHandler() {...},20,47,2,4,5,11,2,3,0,2
spf4j-core,org.spf4j.pool.jdbc,PooledDataSource,100,49,8,0,17,12,15,3,11,3
spf4j-core,org.spf4j.pool.jdbc,JdbcConnectionFactory,71,61,0,0,13,15,4,5,4,5
spf4j-core,org.spf4j.ds,UpdateablePriorityQueue.ElementRef,68,85,9,7,13,22,9,9,4,6
spf4j-core,org.spf4j.ds,LinkedHashMapEx.new PrivilegedAction() {...},6,12,0,0,2,4,0,2,0,2
spf4j-core,org.spf4j.ds,RTree,1563,444,182,48,272,82,123,25,20,13
spf4j-core,org.spf4j.ds,LinkedHashMapEx,24,31,0,2,10,10,4,6,4,5
spf4j-core,org.spf4j.ds,Graphs,0,40,0,4,0,9,0,3,0,1
spf4j-core,org.spf4j.ds,IdentityHashSet,15,11,1,1,6,4,4,3,3,3
spf4j-core,org.spf4j.ds,RTree.Node,34,37,0,0,2,8,1,1,1,1
spf4j-core,org.spf4j.ds,SimpleStackNullSupport,594,165,58,6,120,40,69,13,39,11
spf4j-core,org.spf4j.ds,UpdateablePriorityQueue,302,371,41,39,59,91,41,27,15,13
spf4j-core,org.spf4j.ds,UpdateablePriorityQueue.Itr,65,97,17,7,14,20,12,4,0,4
spf4j-core,org.spf4j.ds,RTree.SeedPicker,0,24,0,0,0,2,0,1,0,1
spf4j-core,org.spf4j.ds,RTree.Entry,10,10,0,0,1,3,1,1,1,1
spf4j-core,org.spf4j.ds,LinkedHashSetEx,24,48,2,4,7,13,6,7,4,6
spf4j-core,org.spf4j.ds,SimpleStack,95,50,15,7,21,14,12,8,4,5
spf4j-core,org.spf4j.perf.impl.ms,Id2Info,14,46,1,3,1,12,1,4,0,3
spf4j-core,org.spf4j.perf.impl.ms,Flusher.new AbstractRunnable() {...},0,19,0,0,0,4,0,2,0,2
spf4j-core,org.spf4j.perf.impl.ms,Flusher.new AbstractRunnable() {...},4,7,0,0,2,1,1,1,1,1
spf4j-core,org.spf4j.perf.impl.ms,Flusher,0,21,0,0,0,3,0,1,0,1
spf4j-core,org.spf4j.perf.impl.ms,StoreType,0,97,0,0,0,13,0,3,0,3
spf4j-core,org.spf4j.perf.impl.ms,StoreType.new StoreFactory() {...},4,3,0,0,1,1,1,1,1,1
spf4j-core,org.spf4j.perf.impl.ms,StoreType.new StoreFactory() {...},19,3,0,0,3,1,1,1,1,1
spf4j-core,org.spf4j.perf.impl.ms,StoreType.new StoreFactory() {...},14,8,0,0,2,2,0,2,0,2
spf4j-core,org.spf4j.perf.impl.ms,StoreType.new StoreFactory() {...},0,11,0,0,0,2,0,2,0,2
spf4j-core,org.spf4j.perf.impl.ms,StoreType.new StoreFactory() {...},2,25,1,1,1,4,1,2,0,2
spf4j-core,org.spf4j.perf.impl.ms,MultiStore,86,194,17,13,26,42,14,8,2,5
spf4j-core,org.spf4j.perf,MeasurementsInfo,14,39,1,3,2,8,1,2,0,1
spf4j-core,org.spf4j.perf,ProcessVitals,96,0,0,0,26,0,5,0,5,0
spf4j-core,org.spf4j.perf,PerformanceMonitor,43,29,0,0,6,4,5,4,5,4
spf4j-core,org.spf4j.perf,PerformanceMonitor.new Callable() {...},149,0,6,0,16,0,5,0,2,0
spf4j-core,org.spf4j.perf,PerformanceMonitor.new Callable() {...},68,77,4,2,5,11,3,2,0,2
spf4j-core,org.spf4j.perf,MeasurementAccumulator,24,10,1,1,4,4,1,1,0,1
spf4j-core,org.spf4j.reflect,TypeMap,20,43,2,4,2,8,2,3,0,2
spf4j-core,org.spf4j.reflect,GraphTypeMap,18,192,2,24,2,43,2,18,0,7
spf4j-core,org.spf4j.reflect,CachingTypeMapSupplierWrapper,115,82,4,6,21,22,7,6,4,4
spf4j-core,org.spf4j.reflect,CachingTypeMapWrapper.TypeMapedObjLoader,0,20,0,0,0,3,0,2,0,2
spf4j-core,org.spf4j.reflect,CachingTypeMapWrapper,75,101,3,3,17,19,6,6,4,5
spf4j-core,org.spf4j.reflect,CachingTypeMapSupplierWrapper.TypeMapedObjLoader,0,45,0,2,0,8,0,3,0,2
spf4j-core,org.spf4j.failsafe,TimeoutRetryPredicate,34,73,1,7,2,17,2,6,1,3
spf4j-core,org.spf4j.failsafe,JitteredDelaySupplier,12,41,0,4,1,11,1,4,1,2
spf4j-core,org.spf4j.failsafe,AsyncRetryExecutorImpl,104,55,6,2,19,12,6,4,3,3
spf4j-core,org.spf4j.failsafe,PartialTypedExceptionRetryPredicate,0,5,0,0,0,1,0,1,0,1
spf4j-core,org.spf4j.failsafe,RetryDecision.Type,0,24,0,0,0,3,0,1,0,1
spf4j-core,org.spf4j.failsafe,FibonacciRetryDelaySupplier,35,64,1,5,2,18,2,4,1,2
spf4j-core,org.spf4j.failsafe,RetryPolicy.Builder,224,249,12,4,47,48,34,26,27,25
spf4j-core,org.spf4j.failsafe,RetryDelaySupplier,3,0,0,0,1,0,1,0,1,0
spf4j-core,org.spf4j.failsafe,HedgePolicy.new HedgePolicy() {...},0,5,0,0,0,2,0,2,0,2
spf4j-core,org.spf4j.failsafe,RetryDecision.new RetryDecision() {...},21,12,0,0,3,3,3,3,3,3
spf4j-core,org.spf4j.failsafe,RetryDecision.new RetryDecision() {...},10,7,0,0,3,3,3,3,3,3
spf4j-core,org.spf4j.failsafe,RetryDecision.new RetryDecision() {...},4,34,0,0,1,5,1,5,1,5
spf4j-core,org.spf4j.failsafe,RetryDecision.new RetryDecision() {...},32,0,0,0,6,0,6,0,6,0
spf4j-core,org.spf4j.failsafe,RetryDecision.new RetryDecision() {...},16,13,0,0,2,4,2,4,2,4
spf4j-core,org.spf4j.failsafe,RetryPredicate.new RetryPredicate() {...},0,7,0,0,0,3,0,3,0,3
spf4j-core,org.spf4j.failsafe,RateLimiter,25,336,5,19,2,68,6,26,1,19
spf4j-core,org.spf4j.failsafe,PartialExceptionRetryPredicate.new PartialExceptionRetryPredicate() {...},45,0,6,0,10,0,6,0,2,0
spf4j-core,org.spf4j.failsafe,DefaultRetryPredicate,25,229,2,24,3,41,3,15,1,4
spf4j-core,org.spf4j.failsafe,CountLimitedPartialRetryPredicate,17,37,1,5,1,12,2,4,1,2
spf4j-core,org.spf4j.failsafe,RetryDecision,11,23,0,0,2,5,2,5,2,5
spf4j-core,org.spf4j.failsafe,RetryPredicate,0,5,0,0,0,1,0,1,0,1
spf4j-core,org.spf4j.failsafe,RetryPolicy,37,76,1,1,6,21,3,10,2,10
spf4j-core,org.spf4j.failsafe,TimeLimitedPartialRetryPredicate,62,0,6,0,13,0,6,0,3,0
spf4j-core,org.spf4j.failsafe,AsyncRetryExecutor,48,27,0,0,12,6,7,3,7,3
spf4j-core,org.spf4j.failsafe,TimedSupplier.new TimedSupplier() {...},12,9,0,0,1,2,1,2,1,2
spf4j-core,org.spf4j.failsafe,SyncRetryExecutor,105,181,19,29,24,56,18,13,3,4
spf4j-core,org.spf4j.failsafe,HedgePolicy,0,27,0,0,0,6,0,1,0,1
spf4j-core,org.spf4j.failsafe,TimedSupplier,6,5,0,0,1,1,2,1,2,1
spf4j-core,org.spf4j.failsafe,DefaultAsyncExecutor,7,0,0,0,3,0,1,0,1,0
spf4j-core,org.spf4j.failsafe,PartialResultRetryPredicate,0,5,0,0,0,1,0,1,0,1
spf4j-core,org.spf4j.failsafe,PartialExceptionRetryPredicate,5,0,0,0,1,0,1,0,1,0
spf4j-core,org.spf4j.failsafe,LimitingExecutor.new LimitingExecutor.RejectedExecutionHandler() {...},0,19,0,0,0,2,0,2,0,2
spf4j-core,org.spf4j.failsafe,LimitingExecutor,27,58,0,2,8,13,5,6,5,5
spf4j-core,org.spf4j.failsafe,TimeoutRelativeHedge,51,61,2,6,3,15,3,4,1,2
spf4j-core,org.spf4j.failsafe,GuavaRateLimiter,52,0,4,0,13,0,7,0,5,0
spf4j-core,org.spf4j.failsafe,RateLimiter.ReservationHandler,31,119,1,11,3,31,2,8,1,3
spf4j-core,org.spf4j.failsafe,Hedge,17,22,0,0,1,7,1,4,1,4
spf4j-core,org.spf4j.failsafe,TypeBasedRetryDelaySupplier,17,36,0,0,1,8,1,3,1,3
spf4j-core,org.spf4j.log,Level,66,90,16,0,20,12,14,3,4,3
spf4j-core,org.spf4j.log,SLF4JBridgeHandler,416,270,71,35,96,79,49,20,4,12
spf4j-core,org.spf4j.log,SLF4JBridgeHandler.new ThreadLocal() {...},0,11,0,0,0,2,0,2,0,2
spf4j-core,org.spf4j.log,AvroLogRecordImpl,99,0,0,0,27,0,22,0,22,0
spf4j-core,org.spf4j.log,SLF4JBridgeHandler.new PrivilegedAction() {...},8,12,0,0,4,4,0,2,0,2
spf4j-core,org.spf4j.log,SLF4JBridgeHandler.new CacheLoader() {...},0,8,0,0,0,2,0,2,0,2
spf4j-core,org.spf4j.log,LogUtils,148,29,33,5,39,9,22,1,1,1
spf4j-core,org.spf4j.log,SLf4jXLogAdapter,152,42,28,4,33,14,21,5,1,5
spf4j-core,org.spf4j.log,LogAttribute,92,100,1,1,20,26,16,9,15,9
spf4j-core,org.spf4j.log,Slf4jLogRecordImpl,126,300,16,18,30,81,17,25,5,20
spf4j-core,org.spf4j.log,LogAttribute.AttrProxy,10,0,0,0,4,0,2,0,2,0
spf4j-core,org.spf4j.log,Slf4jLogRecordImpl.Lazy,0,10,0,0,0,2,0,1,0,1
spf4j-core,org.spf4j.log,Slf4jLogRecord,165,0,26,0,33,0,16,0,3,0
spf4j-core,org.spf4j.log,LogPrinter,436,280,26,24,113,73,26,20,12,9
spf4j-core,org.spf4j.log,LogPrinter.Buffer,12,61,0,0,4,17,0,8,0,8
spf4j-core,org.spf4j.log,ExecContextLogger,782,104,28,6,142,23,80,7,64,6
spf4j-core,org.spf4j.concurrent.jdbc,JdbcHeartBeat,214,678,12,28,24,152,21,35,9,27
spf4j-core,org.spf4j.concurrent.jdbc,JdbcHeartBeat.ScheduledHeartBeat,70,33,5,3,18,9,5,3,2,2
spf4j-core,org.spf4j.concurrent.jdbc,ProcessLimitedJdbcSemaphore,69,0,4,0,17,0,6,0,4,0
spf4j-core,org.spf4j.concurrent.jdbc,JdbcLock,66,41,0,0,18,11,5,4,5,4
spf4j-core,org.spf4j.concurrent.jdbc,JdbcSemaphore,358,1358,24,38,67,211,28,44,6,35
spf4j-core,org.spf4j.concurrent.jdbc,JdbcSemaphore.new JdbcHeartBeat.LifecycleHook() {...},11,10,0,0,3,3,1,2,1,2
spf4j-core,org.spf4j.concurrent.jdbc,JdbcSemaphore.new HandlerNano() {...},13,53,1,1,1,11,1,2,0,2
spf4j-core,org.spf4j.concurrent.jdbc,JdbcSemaphore.new HandlerNano() {...},0,13,0,0,0,2,0,2,0,2
spf4j-core,org.spf4j.concurrent.jdbc,JdbcSemaphore.new HandlerNano() {...},13,53,1,1,1,11,1,2,0,2
spf4j-core,org.spf4j.concurrent.jdbc,JdbcSemaphore.new HandlerNano() {...},13,58,1,1,1,12,1,2,0,2
spf4j-core,org.spf4j.concurrent.jdbc,JdbcSemaphore.new HandlerNano() {...},29,125,2,6,2,25,2,4,0,2
spf4j-core,org.spf4j.concurrent.jdbc,JdbcSemaphore.new HandlerNano() {...},0,72,0,2,0,13,0,3,0,2
spf4j-core,org.spf4j.concurrent.jdbc,HeartBeatError,16,0,0,0,8,0,4,0,4,0
spf4j-core,org.spf4j.concurrent.jdbc,OwnerPermits,32,0,0,0,7,0,4,0,4,0
spf4j-core,org.spf4j.concurrent.jdbc,SemaphoreTablesDesc,179,113,24,0,30,41,16,12,4,12
spf4j-core,org.spf4j.concurrent.jdbc,JdbcHeartBeat.new Runnable() {...},0,25,0,0,0,9,0,2,0,2
spf4j-core,org.spf4j.concurrent.jdbc,JdbcHeartBeat.new FutureCallback() {...},8,40,3,3,2,10,3,3,0,3
spf4j-core,org.spf4j.concurrent.jdbc,JdbcHeartBeat.new JdbcHeartBeat.LifecycleHook() {...},1,19,0,0,1,5,1,2,1,2
spf4j-core,org.spf4j.concurrent.jdbc,JdbcHeartBeat.new AbstractRunnable() {...},17,0,0,0,3,0,2,0,2,0
spf4j-core,org.spf4j.concurrent.jdbc,HeartBeatTableDesc,104,62,16,0,19,22,12,7,4,7
spf4j-core,org.spf4j.text,FormatInfo,91,21,10,0,17,8,9,4,4,4
spf4j-core,org.spf4j.text,AttributedString.AttributedStringIterator,689,0,116,0,135,0,83,0,25,0
spf4j-core,org.spf4j.text,MessageFormat,1400,551,197,61,304,121,140,30,28,8
spf4j-core,org.spf4j.text,AttributeEntry,70,0,8,0,13,0,11,0,7,0
spf4j-core,org.spf4j.text,AttributedString.AttributeMap,102,0,6,0,20,0,6,0,3,0
spf4j-core,org.spf4j.text,AttributedString,1152,0,166,0,265,0,108,0,25,0
spf4j-core,org.spf4j.jdbc,JdbcTemplate.new Callable() {...},0,51,2,2,0,13,2,2,0,2
spf4j-core,org.spf4j.jdbc,JdbcTemplate,51,115,5,9,8,30,6,11,1,9
spf4j-core,org.spf4j.jdbc,DbType,20,99,5,1,5,6,5,3,0,3
spf4j-core,org.spf4j.recyclable.impl,ScalableObjectPool.new ThreadLocal() {...},0,13,0,0,0,2,0,2,0,2
spf4j-core,org.spf4j.recyclable.impl,ScalableObjectPool,5,63,0,0,2,12,1,7,1,7
spf4j-core,org.spf4j.recyclable.impl,LeaseImpl,38,0,0,0,11,0,4,0,4,0
spf4j-core,org.spf4j.recyclable.impl,LocalObjectPool,41,359,7,33,8,83,8,25,2,11
spf4j-core,org.spf4j.recyclable.impl,RecyclingSupplierBuilder,77,71,2,4,8,18,6,5,4,4
spf4j-core,org.spf4j.recyclable.impl,SharingObjectPool,209,147,25,11,51,43,19,10,3,8
spf4j-core,org.spf4j.recyclable.impl,SharingObjectPool.new AbstractRunnable() {...},21,0,0,0,3,0,2,0,2,0
spf4j-core,org.spf4j.recyclable.impl,SharingObjectPool.new Comparator() {...},0,9,0,0,0,2,0,2,0,2
spf4j-core,org.spf4j.recyclable.impl,CollectableThreadLocalRecyclingSupplier,73,0,4,0,16,0,6,0,4,0
spf4j-core,org.spf4j.recyclable.impl,ArraySuppliers.Objects.new SizedRecyclingSupplier.Factory() {...},9,0,0,0,3,0,3,0,3,0
spf4j-core,org.spf4j.recyclable.impl,ObjectPoolWrapper,153,0,12,0,32,0,14,0,8,0
spf4j-core,org.spf4j.recyclable.impl,ArraySuppliers.Bytes.new SizedRecyclingSupplier.Factory() {...},0,9,0,0,0,3,0,3,0,3
spf4j-core,org.spf4j.recyclable.impl,ArraySuppliers.Bytes.new SizedRecyclingSupplier() {...},0,7,0,0,0,3,0,3,0,3
spf4j-core,org.spf4j.recyclable.impl,SizedThreadLocalRecyclingSupplier,27,144,8,14,7,42,8,7,1,3
spf4j-core,org.spf4j.recyclable.impl,ThreadLocalRecyclingSupplier.new ThreadLocal() {...},0,13,0,0,0,2,0,2,0,2
spf4j-core,org.spf4j.recyclable.impl,ArraySuppliers.Chars,0,21,0,0,0,4,0,1,0,1
spf4j-core,org.spf4j.recyclable.impl,Powerof2SizedGlobalRecyclingSupplier,24,80,1,5,3,21,2,5,1,3
spf4j-core,org.spf4j.recyclable.impl,CollectableThreadLocalRecyclingSupplier.new ThreadLocal() {...},19,0,0,0,2,0,2,0,2,0
spf4j-core,org.spf4j.recyclable.impl,RecyclingSupplierBuilder.MaintenanceRunner,0,25,1,1,0,8,1,2,0,2
spf4j-core,org.spf4j.recyclable.impl,RecyclingSupplierBuilder.MaintenanceRunner.new Scanable.ScanHandler() {...},0,10,0,0,0,3,0,2,0,2
spf4j-core,org.spf4j.recyclable.impl,ArraySuppliers.Objects,9,0,0,0,1,0,1,0,1,0
spf4j-core,org.spf4j.recyclable.impl,SimpleSmartObjectPool,306,644,42,74,54,148,33,34,0,9
spf4j-core,org.spf4j.recyclable.impl,ArraySuppliers.Bytes,0,21,0,0,0,4,0,1,0,1
spf4j-core,org.spf4j.recyclable.impl,Powerof2ThreadLocalRecyclingSupplier,29,76,4,4,3,22,4,4,1,3
spf4j-core,org.spf4j.recyclable.impl,ObjectHolderFactory,14,63,1,5,2,12,2,6,1,4
spf4j-core,org.spf4j.recyclable.impl,Powerof2ThreadLocalRecyclingSupplier.new ThreadLocal() {...},0,25,0,2,0,5,0,3,0,2
spf4j-core,org.spf4j.recyclable.impl,ObjectHolder,52,187,11,17,16,52,10,16,1,11
spf4j-core,org.spf4j.recyclable.impl,ArraySuppliers.Chars.new SizedRecyclingSupplier() {...},4,3,0,0,2,1,2,1,2,1
spf4j-core,org.spf4j.recyclable.impl,ArraySuppliers.Chars.new SizedRecyclingSupplier.Factory() {...},0,9,0,0,0,3,0,3,0,3
spf4j-core,org.spf4j.recyclable.impl,ThreadLocalRecyclingSupplier,21,30,1,1,2,10,2,3,1,3
spf4j-core,org.spf4j.recyclable.impl,SizedThreadLocalRecyclingSupplier.new ThreadLocal() {...},0,10,0,0,0,2,0,2,0,2
spf4j-core,org.spf4j.recyclable.impl,SharingObjectPool.SharedObject,22,29,0,0,3,10,2,5,2,5
spf4j-core,org.spf4j.perf.impl.ms.graphite,GraphiteUdpStore,20,113,0,0,9,25,1,8,1,8
spf4j-core,org.spf4j.perf.impl.ms.graphite,GraphiteTcpStore,124,0,0,0,31,0,9,0,9,0
spf4j-core,org.spf4j.perf.impl.ms.graphite,GraphiteUdpStore.HandlerImpl,0,100,1,5,0,24,1,4,0,2
spf4j-core,org.spf4j.perf.impl.ms.graphite,GraphiteUdpStore.DatagramChannelSupplierFactory,44,16,4,0,15,7,4,2,2,2
spf4j-core,org.spf4j.perf.impl.ms.graphite,GraphiteTcpStore.WriterSupplierFactory,75,0,4,0,23,0,6,0,4,0
spf4j-core,org.spf4j.perf.impl.ms.graphite,GraphiteTcpStore.HandlerImpl,39,0,2,0,9,0,3,0,2,0
spf4j-core,org.spf4j.io.csv,CsvReader.TokenType,0,34,0,0,0,2,0,1,0,1
spf4j-core,org.spf4j.io.csv,CharSeparatedValues.CsvRow2List,0,18,0,0,0,5,0,3,0,3
spf4j-core,org.spf4j.io.csv,CharSeparatedValues.CsvReaderIgnoreLastEmptyLine,41,154,5,18,9,47,4,13,0,5
spf4j-core,org.spf4j.io.csv,CharSeparatedValues.ToListMapHandler,17,0,0,0,5,0,3,0,3,0
spf4j-core,org.spf4j.io.csv,CharSeparatedValues,223,539,36,61,49,126,32,46,6,23
spf4j-core,org.spf4j.io.csv,CsvParseException,12,4,0,0,6,2,3,1,3,1
spf4j-core,org.spf4j.io.csv,IterableCsvReader,68,0,6,0,17,0,8,0,5,0
spf4j-core,org.spf4j.io.csv,CsvRuntimeException,11,5,0,0,6,2,3,1,3,1
spf4j-core,org.spf4j.io.csv,CharSeparatedValues.CsvReaderImpl,40,99,7,12,7,29,5,10,0,5
spf4j-core,org.spf4j.io.csv,UncheckedCsvParseException,12,4,0,0,6,2,3,1,3,1
spf4j-core,org.spf4j.io.csv,CsvReader,37,32,8,8,10,10,6,5,2,1
spf4j-core,org.spf4j.io.csv,CharSeparatedValues.new CsvWriter() {...},4,42,0,2,2,10,1,4,1,3
spf4j-core,org.spf4j.io.csv,CharSeparatedValues.OneRowHandler,12,18,1,1,1,8,1,4,0,4
spf4j-core,org.spf4j.io.csv,CharSeparatedValues.CsvMapHandler2CsvHandler,18,86,1,7,1,22,1,8,0,5
spf4j-core,org.spf4j.io.csv,CsvReader2Iterator,46,86,3,12,5,27,4,9,1,4
spf4j-core,org.spf4j.io.csv,CsvHandler,0,5,0,0,0,4,0,3,0,3
spf4j-core,org.spf4j.perf.memory,GCUsageSampler.new AbstractRunnable() {...},0,6,0,0,0,3,0,2,0,2
spf4j-core,org.spf4j.perf.memory,GCUsageSampler.new AbstractRunnable() {...},0,27,0,0,0,6,0,2,0,2
spf4j-core,org.spf4j.perf.memory,MemoryUsageSampler,35,61,2,4,8,19,5,7,3,6
spf4j-core,org.spf4j.perf.memory,MemoryUsageSampler.AccumulatorRunnable,0,36,0,0,0,13,0,3,0,3
spf4j-core,org.spf4j.perf.memory,MemoryUsageSampler.new AbstractRunnable() {...},0,6,0,0,0,3,0,2,0,2
spf4j-core,org.spf4j.perf.memory,GCUsageSampler,37,79,4,6,7,23,5,7,2,5
spf4j-core,org.spf4j.stackmonitor,SampleNode.new TObjectObjectProcedure() {...},0,33,1,1,0,5,1,2,0,2
spf4j-core,org.spf4j.stackmonitor,FastStackCollector,78,214,9,19,14,40,15,15,9,7
spf4j-core,org.spf4j.stackmonitor,FastStackCollector.ThreadNamesPredicate,0,12,0,0,0,4,0,2,0,2
spf4j-core,org.spf4j.stackmonitor,StackTrace,41,47,4,2,10,10,6,4,4,3
spf4j-core,org.spf4j.stackmonitor,SimpleStackCollector,21,81,2,6,1,18,3,6,1,4
spf4j-core,org.spf4j.stackmonitor,Monitor.new AbstractRunnable() {...},11,6,0,0,4,1,1,1,1,1
spf4j-core,org.spf4j.stackmonitor,SampleNode.TraversalData,0,9,0,0,0,4,0,1,0,1
spf4j-core,org.spf4j.stackmonitor,Monitor,36,122,3,5,9,21,3,3,0,2
spf4j-core,org.spf4j.stackmonitor,MethodMap,7,53,1,5,3,14,2,6,1,4
spf4j-core,org.spf4j.stackmonitor,ProfilingTLAttacher.new ThreadLocalContextAttacher.Attached() {...},8,21,0,0,2,4,2,2,2,2
spf4j-core,org.spf4j.stackmonitor,MxStackCollector,100,0,10,0,19,0,12,0,7,0
spf4j-core,org.spf4j.stackmonitor,Sampler.new AbstractRunnable() {...},2,136,3,7,1,33,3,4,0,2
spf4j-core,org.spf4j.stackmonitor,ProfilingTLAttacher,23,53,1,3,2,14,3,5,2,4
spf4j-core,org.spf4j.stackmonitor,ThreadStackSampler,33,115,3,11,3,25,4,9,2,4
spf4j-core,org.spf4j.stackmonitor,ProfiledExecutionContext,18,101,3,9,4,29,3,9,1,5
spf4j-core,org.spf4j.stackmonitor,Sampler,199,378,8,12,33,82,16,25,9,22
spf4j-core,org.spf4j.stackmonitor,ProfiledExecutionContextFactory,0,13,0,0,0,2,0,2,0,2
spf4j-core,org.spf4j.stackmonitor,StackCollectorImpl,11,43,3,3,4,11,3,6,1,5
spf4j-core,org.spf4j.stackmonitor,Spf4jProfilerException,16,0,0,0,8,0,4,0,4,0
spf4j-core,org.spf4j.stackmonitor,StackVisualizer,572,0,16,0,59,0,12,0,4,0
spf4j-core,org.spf4j.stackmonitor,SampleNode,225,705,39,69,50,168,35,50,6,25
spf4j-core,org.spf4j.stackmonitor,TracingExecutionContexSampler,41,146,2,8,7,32,5,9,3,6
spf4j-core,org.spf4j.stackmonitor,GCFakeStackUtil,46,0,6,0,10,0,5,0,2,0
spf4j-core,org.spf4j.stackmonitor,Monitor.Options,0,18,0,0,0,6,0,1,0,1
spf4j-core,org.spf4j.io.compress,Compress,132,369,14,18,21,73,13,16,1,12
spf4j-core,org.spf4j.io.compress,Compress.new SimpleFileVisitor() {...},4,66,4,4,2,12,4,3,0,3
