<?xml version="1.0" encoding="UTF-8" standalone="yes"?><!DOCTYPE report PUBLIC "-//JACOCO//DTD Report 1.1//EN" "report.dtd"><report name="spf4j-core"><sessioninfo id="ZMacBookPro.local-8cb1e1ed" start="1543595259806" dump="1543595266368"/><sessioninfo id="ZMacBookPro.local-35a32c79" start="1543595345284" dump="1543595346025"/><sessioninfo id="ZMacBookPro.local-c08a269c" start="1543595346514" dump="1543595348618"/><sessioninfo id="ZMacBookPro.local-6d591202" start="1543595349113" dump="1543595349768"/><sessioninfo id="ZMacBookPro.local-e1925091" start="1543595350276" dump="1543595354110"/><sessioninfo id="ZMacBookPro.local-eae993ba" start="1543595354601" dump="1543595355119"/><sessioninfo id="ZMacBookPro.local-3b32a634" start="1543595355627" dump="1543595356124"/><sessioninfo id="ZMacBookPro.local-2be32a4f" start="1543595356613" dump="1543595357092"/><sessioninfo id="ZMacBookPro.local-1f52c603" start="1543595357585" dump="1543595359020"/><sessioninfo id="ZMacBookPro.local-70ae8f9a" start="1543595359509" dump="1543595360032"/><sessioninfo id="ZMacBookPro.local-4b77e560" start="1543595360537" dump="1543595361303"/><sessioninfo id="ZMacBookPro.local-a9eca139" start="1543595361789" dump="1543595362264"/><sessioninfo id="ZMacBookPro.local-7d8c0d7d" start="1543595362752" dump="1543595363286"/><sessioninfo id="ZMacBookPro.local-2730c25e" start="1543595363769" dump="1543595364379"/><sessioninfo id="ZMacBookPro.local-cc760bc9" start="1543595364877" dump="1543595377642"/><sessioninfo id="ZMacBookPro.local-7a5d1d4f" start="1543595378118" dump="1543595378666"/><sessioninfo id="ZMacBookPro.local-8824f04a" start="1543595379142" dump="1543595379719"/><sessioninfo id="ZMacBookPro.local-bc283c9d" start="1543595380210" dump="1543595380682"/><sessioninfo id="ZMacBookPro.local-442da4b8" start="1543595381179" dump="1543595381686"/><sessioninfo id="ZMacBookPro.local-bc7e6628" start="1543595382177" dump="1543595383080"/><sessioninfo id="ZMacBookPro.local-44b324" start="1543595383589" dump="1543595384527"/><sessioninfo id="ZMacBookPro.local-39d241d1" start="1543595385027" dump="1543595385702"/><sessioninfo id="ZMacBookPro.local-e4c4b261" start="1543595386202" dump="1543595386749"/><sessioninfo id="ZMacBookPro.local-9cd7d32a" start="1543595387240" dump="1543595387727"/><sessioninfo id="ZMacBookPro.local-97bea1ae" start="1543595388918" dump="1543595389312"/><sessioninfo id="ZMacBookPro.local-d93f2173" start="1543595388232" dump="1543595389367"/><sessioninfo id="ZMacBookPro.local-5aa911a" start="1543595389869" dump="1543595390453"/><sessioninfo id="ZMacBookPro.local-668b9641" start="1543595390958" dump="1543595394410"/><sessioninfo id="ZMacBookPro.local-a47a0cdd" start="1543595394911" dump="1543595395420"/><sessioninfo id="ZMacBookPro.local-d6c664ac" start="1543595395917" dump="1543595401697"/><sessioninfo id="ZMacBookPro.local-d77c330" start="1543595402206" dump="1543595402712"/><sessioninfo id="ZMacBookPro.local-a3288a00" start="1543595403208" dump="1543595408885"/><sessioninfo id="ZMacBookPro.local-d038005b" start="1543595409517" dump="1543595410050"/><sessioninfo id="ZMacBookPro.local-22787084" start="1543595410547" dump="1543595411018"/><sessioninfo id="ZMacBookPro.local-affe8e01" start="1543595411518" dump="1543595427336"/><sessioninfo id="ZMacBookPro.local-a4fbd953" start="1543595427866" dump="1543595428337"/><sessioninfo id="ZMacBookPro.local-e3705343" start="1543595428824" dump="1543595432308"/><sessioninfo id="ZMacBookPro.local-9906a4ce" start="1543595432823" dump="1543595440704"/><sessioninfo id="ZMacBookPro.local-38be8775" start="1543595442275" dump="1543595449149"/><sessioninfo id="ZMacBookPro.local-72009c95" start="1543595449418" dump="1543595456208"/><sessioninfo id="ZMacBookPro.local-b44cd429" start="1543595484032" dump="1543595484712"/><sessioninfo id="ZMacBookPro.local-b27e4f96" start="1543595484958" dump="1543595485643"/><sessioninfo id="ZMacBookPro.local-d97eaf56" start="1543595441207" dump="1543595538097"/><sessioninfo id="ZMacBookPro.local-534791f3" start="1543595538614" dump="1543595544147"/><sessioninfo id="ZMacBookPro.local-e9ae07b8" start="1543595544640" dump="1543595553413"/><sessioninfo id="ZMacBookPro.local-efbb8906" start="1543595553903" dump="1543595554761"/><sessioninfo id="ZMacBookPro.local-d0d6c2d8" start="1543595555258" dump="1543595555854"/><sessioninfo id="ZMacBookPro.local-a838c592" start="1543595556353" dump="1543595617734"/><sessioninfo id="ZMacBookPro.local-aea745d7" start="1543595618237" dump="1543595625298"/><sessioninfo id="ZMacBookPro.local-3402d660" start="1543595625789" dump="1543595629720"/><sessioninfo id="ZMacBookPro.local-c937bff9" start="1543595630220" dump="1543595643640"/><sessioninfo id="ZMacBookPro.local-3f34ab01" start="1543595630985" dump="1543595643745"/><sessioninfo id="ZMacBookPro.local-9c124e75" start="1543595644295" dump="1543595649854"/><sessioninfo id="ZMacBookPro.local-e45db7a" start="1543595650365" dump="1543595650834"/><sessioninfo id="ZMacBookPro.local-31613cb2" start="1543595651332" dump="1543595651797"/><sessioninfo id="ZMacBookPro.local-f6c670b7" start="1543595652293" dump="1543595665263"/><sessioninfo id="ZMacBookPro.local-8f51f5ab" start="1543595665764" dump="1543595666269"/><sessioninfo id="ZMacBookPro.local-9dbe07e3" start="1543595666752" dump="1543595667232"/><sessioninfo id="ZMacBookPro.local-7560c007" start="1543595667729" dump="1543595668199"/><sessioninfo id="ZMacBookPro.local-974aacbe" start="1543595668680" dump="1543595670359"/><sessioninfo id="ZMacBookPro.local-dfffa13e" start="1543595670853" dump="1543595671324"/><sessioninfo id="ZMacBookPro.local-a614d03c" start="1543595671828" dump="1543595674413"/><sessioninfo id="ZMacBookPro.local-d7a65aee" start="1543595674909" dump="1543595678390"/><sessioninfo id="ZMacBookPro.local-773cac5" start="1543595678890" dump="1543595679454"/><sessioninfo id="ZMacBookPro.local-6365b963" start="1543595679942" dump="1543595680416"/><sessioninfo id="ZMacBookPro.local-dc7e1de4" start="1543595680918" dump="1543595691955"/><sessioninfo id="ZMacBookPro.local-fb89cc0f" start="1543595692466" dump="1543595693030"/><sessioninfo id="ZMacBookPro.local-546cb8ef" start="1543595693534" dump="1543595694049"/><sessioninfo id="ZMacBookPro.local-241b27cb" start="1543595694543" dump="1543595695304"/><sessioninfo id="ZMacBookPro.local-10bbf4bb" start="1543595695802" dump="1543595697114"/><sessioninfo id="ZMacBookPro.local-7f71fada" start="1543595697628" dump="1543595700422"/><sessioninfo id="ZMacBookPro.local-85ff8298" start="1543595700911" dump="1543595703689"/><sessioninfo id="ZMacBookPro.local-7833d4de" start="1543595704183" dump="1543595704792"/><sessioninfo id="ZMacBookPro.local-e7a5c376" start="1543595705298" dump="1543595742588"/><sessioninfo id="ZMacBookPro.local-8f2e73ce" start="1543595743099" dump="1543595743615"/><sessioninfo id="ZMacBookPro.local-3fde1b49" start="1543595744102" dump="1543595744887"/><sessioninfo id="ZMacBookPro.local-eec17a4d" start="1543595745380" dump="1543595745873"/><sessioninfo id="ZMacBookPro.local-28a72ef7" start="1543595746363" dump="1543595746952"/><sessioninfo id="ZMacBookPro.local-31097c15" start="1543595747468" dump="1543595754320"/><sessioninfo id="ZMacBookPro.local-cd598b14" start="1543595754819" dump="1543595765380"/><sessioninfo id="ZMacBookPro.local-a3e41d2b" start="1543595765883" dump="1543595766343"/><sessioninfo id="ZMacBookPro.local-b48d2871" start="1543595766837" dump="1543595767308"/><sessioninfo id="ZMacBookPro.local-bc6e00b" start="1543595767812" dump="1543595768290"/><sessioninfo id="ZMacBookPro.local-68c5f27d" start="1543595768783" dump="1543595769279"/><sessioninfo id="ZMacBookPro.local-6359c2d4" start="1543595769784" dump="1543595770256"/><sessioninfo id="ZMacBookPro.local-96f6b2a2" start="1543595770772" dump="1543595771340"/><sessioninfo id="ZMacBookPro.local-f0e29ec3" start="1543595771840" dump="1543595772328"/><sessioninfo id="ZMacBookPro.local-c40b2db2" start="1543595772824" dump="1543595773483"/><sessioninfo id="ZMacBookPro.local-5685f74c" start="1543595773990" dump="1543595774584"/><sessioninfo id="ZMacBookPro.local-f8076863" start="1543595775090" dump="1543595775594"/><sessioninfo id="ZMacBookPro.local-4ff7f30" start="1543595776083" dump="1543595776796"/><sessioninfo id="ZMacBookPro.local-bd944534" start="1543595777303" dump="1543595777789"/><sessioninfo id="ZMacBookPro.local-9eb84a87" start="1543595778286" dump="1543595778750"/><sessioninfo id="ZMacBookPro.local-dc5956f4" start="1543595779264" dump="1543595779793"/><sessioninfo id="ZMacBookPro.local-d7712c4b" start="1543595780300" dump="1543595780937"/><sessioninfo id="ZMacBookPro.local-14803360" start="1543595781451" dump="1543595782002"/><sessioninfo id="ZMacBookPro.local-8967d9cf" start="1543595783357" dump="1543595783472"/><sessioninfo id="ZMacBookPro.local-830b847c" start="1543595783662" dump="1543595783856"/><sessioninfo id="ZMacBookPro.local-dd2b2927" start="1543595783973" dump="1543595793878"/><sessioninfo id="ZMacBookPro.local-317f88e1" start="1543595794006" dump="1543595794898"/><sessioninfo id="ZMacBookPro.local-4ed8f4e" start="1543595782497" dump="1543595794952"/><sessioninfo id="ZMacBookPro.local-5449cba6" start="1543595795470" dump="1543595795946"/><sessioninfo id="ZMacBookPro.local-83c73be0" start="1543595796433" dump="1543595796985"/><sessioninfo id="ZMacBookPro.local-4d793c44" start="1543596164324" dump="1543596170959"/><sessioninfo id="ZMacBookPro.local-e27aa82" start="1543596316020" dump="1543596316631"/><sessioninfo id="ZMacBookPro.local-878af3f8" start="1543596317112" dump="1543596319089"/><sessioninfo id="ZMacBookPro.local-e12dad6c" start="1543596319596" dump="1543596320196"/><sessioninfo id="ZMacBookPro.local-f02a51e7" start="1543596320688" dump="1543596324492"/><sessioninfo id="ZMacBookPro.local-54c55d50" start="1543596324998" dump="1543596325483"/><sessioninfo id="ZMacBookPro.local-8a2eff47" start="1543596325981" dump="1543596326454"/><sessioninfo id="ZMacBookPro.local-60b82048" start="1543596326955" dump="1543596327457"/><sessioninfo id="ZMacBookPro.local-f680735" start="1543596327952" dump="1543596329447"/><sessioninfo id="ZMacBookPro.local-338e6f7b" start="1543596329950" dump="1543596330486"/><sessioninfo id="ZMacBookPro.local-b161b3a" start="1543596330990" dump="1543596331759"/><sessioninfo id="ZMacBookPro.local-cf1af9f5" start="1543596332262" dump="1543596332775"/><sessioninfo id="ZMacBookPro.local-5b95c768" start="1543596333270" dump="1543596333804"/><sessioninfo id="ZMacBookPro.local-e0ed34c9" start="1543596334291" dump="1543596334966"/><sessioninfo id="ZMacBookPro.local-29da5847" start="1543596335445" dump="1543596348251"/><sessioninfo id="ZMacBookPro.local-239b02" start="1543596348746" dump="1543596349221"/><sessioninfo id="ZMacBookPro.local-ae5653c6" start="1543596349728" dump="1543596350251"/><sessioninfo id="ZMacBookPro.local-29795b61" start="1543596350739" dump="1543596351209"/><sessioninfo id="ZMacBookPro.local-9bda7d5e" start="1543596351698" dump="1543596352204"/><sessioninfo id="ZMacBookPro.local-c2742e8" start="1543596352705" dump="1543596353578"/><sessioninfo id="ZMacBookPro.local-fda39567" start="1543596354079" dump="1543596355106"/><sessioninfo id="ZMacBookPro.local-841066c8" start="1543596355604" dump="1543596356296"/><sessioninfo id="ZMacBookPro.local-bbbb5629" start="1543596356791" dump="1543596357337"/><sessioninfo id="ZMacBookPro.local-65ad3696" start="1543596357834" dump="1543596358328"/><sessioninfo id="ZMacBookPro.local-c631c218" start="1543596359557" dump="1543596359924"/><sessioninfo id="ZMacBookPro.local-6f6193f6" start="1543596358834" dump="1543596359999"/><sessioninfo id="ZMacBookPro.local-644a57cf" start="1543596360514" dump="1543596361092"/><sessioninfo id="ZMacBookPro.local-c3d72d5c" start="1543596361578" dump="1543596365013"/><sessioninfo id="ZMacBookPro.local-fb3c9263" start="1543596365519" dump="1543596366028"/><sessioninfo id="ZMacBookPro.local-70bbfb0c" start="1543596366517" dump="1543596372281"/><sessioninfo id="ZMacBookPro.local-acae32f5" start="1543596372769" dump="1543596373250"/><sessioninfo id="ZMacBookPro.local-d1467d0d" start="1543596373742" dump="1543596379431"/><sessioninfo id="ZMacBookPro.local-e4f0c3ac" start="1543596380070" dump="1543596380605"/><sessioninfo id="ZMacBookPro.local-4f8d92d1" start="1543596381109" dump="1543596381579"/><sessioninfo id="ZMacBookPro.local-4e850999" start="1543596382078" dump="1543596397892"/><sessioninfo id="ZMacBookPro.local-74e5a350" start="1543596398390" dump="1543596398872"/><sessioninfo id="ZMacBookPro.local-d4ff5a26" start="1543596399389" dump="1543596402848"/><sessioninfo id="ZMacBookPro.local-8f471544" start="1543596403359" dump="1543596411206"/><sessioninfo id="ZMacBookPro.local-71264301" start="1543596412802" dump="1543596419698"/><sessioninfo id="ZMacBookPro.local-9ed2a5fc" start="1543596419959" dump="1543596426739"/><sessioninfo id="ZMacBookPro.local-b7596a7a" start="1543596454762" dump="1543596455444"/><sessioninfo id="ZMacBookPro.local-e93cc322" start="1543596455689" dump="1543596456373"/><sessioninfo id="ZMacBookPro.local-e6e346cf" start="1543596411714" dump="1543596508846"/><sessioninfo id="ZMacBookPro.local-27f315c9" start="1543596509359" dump="1543596514908"/><sessioninfo id="ZMacBookPro.local-4e040e2c" start="1543596515418" dump="1543596524206"/><sessioninfo id="ZMacBookPro.local-4108d0cf" start="1543596524703" dump="1543596525498"/><sessioninfo id="ZMacBookPro.local-a9848c76" start="1543596526000" dump="1543596526553"/><sessioninfo id="ZMacBookPro.local-dee8cd33" start="1543596527052" dump="1543596587128"/><sessioninfo id="ZMacBookPro.local-14268025" start="1543596587635" dump="1543596594704"/><sessioninfo id="ZMacBookPro.local-43b6ffbd" start="1543596595215" dump="1543596599082"/><sessioninfo id="ZMacBookPro.local-4f21daf7" start="1543596599599" dump="1543596613090"/><sessioninfo id="ZMacBookPro.local-790bb914" start="1543596600391" dump="1543596613194"/><sessioninfo id="ZMacBookPro.local-3a563e25" start="1543596613787" dump="1543596619370"/><sessioninfo id="ZMacBookPro.local-738c3e7b" start="1543596619871" dump="1543596620348"/><sessioninfo id="ZMacBookPro.local-764d3714" start="1543596620852" dump="1543596621323"/><sessioninfo id="ZMacBookPro.local-862a1fa6" start="1543596621821" dump="1543596634667"/><sessioninfo id="ZMacBookPro.local-8c1d32a2" start="1543596635183" dump="1543596635698"/><sessioninfo id="ZMacBookPro.local-5d9e93fe" start="1543596636199" dump="1543596636769"/><sessioninfo id="ZMacBookPro.local-2be76bd9" start="1543596637253" dump="1543596637793"/><sessioninfo id="ZMacBookPro.local-499a7e6b" start="1543596638285" dump="1543596639999"/><sessioninfo id="ZMacBookPro.local-810c5160" start="1543596640501" dump="1543596640974"/><sessioninfo id="ZMacBookPro.local-536cd881" start="1543596641470" dump="1543596644020"/><sessioninfo id="ZMacBookPro.local-76735f6e" start="1543596644532" dump="1543596648077"/><sessioninfo id="ZMacBookPro.local-a5b284a5" start="1543596648574" dump="1543596649115"/><sessioninfo id="ZMacBookPro.local-18488353" start="1543596649611" dump="1543596650086"/><sessioninfo id="ZMacBookPro.local-20f07df2" start="1543596650589" dump="1543596661632"/><sessioninfo id="ZMacBookPro.local-4ef7a4ee" start="1543596662130" dump="1543596662818"/><sessioninfo id="ZMacBookPro.local-a94bd0ac" start="1543596663265" dump="1543596663817"/><sessioninfo id="ZMacBookPro.local-8e508851" start="1543596664264" dump="1543596665104"/><sessioninfo id="ZMacBookPro.local-549c0a3d" start="1543596665546" dump="1543596666567"/><sessioninfo id="ZMacBookPro.local-d149ce6d" start="1543596667019" dump="1543596669928"/><sessioninfo id="ZMacBookPro.local-8e640e2f" start="1543596670406" dump="1543596673386"/><sessioninfo id="ZMacBookPro.local-6f01e67f" start="1543596673906" dump="1543596674548"/><sessioninfo id="ZMacBookPro.local-7c75b421" start="1543596675039" dump="1543596712522"/><sessioninfo id="ZMacBookPro.local-a93ae7ed" start="1543596713035" dump="1543596713543"/><sessioninfo id="ZMacBookPro.local-33e13a3" start="1543596714037" dump="1543596714746"/><sessioninfo id="ZMacBookPro.local-46aead49" start="1543596715252" dump="1543596715723"/><sessioninfo id="ZMacBookPro.local-52427ed4" start="1543596716217" dump="1543596716817"/><sessioninfo id="ZMacBookPro.local-b91c2f9f" start="1543596717323" dump="1543596724175"/><sessioninfo id="ZMacBookPro.local-6fb25ceb" start="1543596724673" dump="1543596735223"/><sessioninfo id="ZMacBookPro.local-546c54a2" start="1543596735731" dump="1543596736194"/><sessioninfo id="ZMacBookPro.local-3100f75a" start="1543596736696" dump="1543596737168"/><sessioninfo id="ZMacBookPro.local-9cd6bf00" start="1543596737680" dump="1543596738162"/><sessioninfo id="ZMacBookPro.local-e34008ef" start="1543596738671" dump="1543596739146"/><sessioninfo id="ZMacBookPro.local-e7647466" start="1543596739637" dump="1543596740104"/><sessioninfo id="ZMacBookPro.local-87cb5e4d" start="1543596740595" dump="1543596741168"/><sessioninfo id="ZMacBookPro.local-d5ec586f" start="1543596741672" dump="1543596742165"/><sessioninfo id="ZMacBookPro.local-bbf83674" start="1543596742671" dump="1543596743348"/><sessioninfo id="ZMacBookPro.local-729ef5ee" start="1543596743835" dump="1543596744313"/><sessioninfo id="ZMacBookPro.local-135d19f0" start="1543596744804" dump="1543596745276"/><sessioninfo id="ZMacBookPro.local-173a3209" start="1543596745768" dump="1543596746457"/><sessioninfo id="ZMacBookPro.local-9c674351" start="1543596746953" dump="1543596747454"/><sessioninfo id="ZMacBookPro.local-d69e85b9" start="1543596747951" dump="1543596748422"/><sessioninfo id="ZMacBookPro.local-8b6d35c" start="1543596748918" dump="1543596749388"/><sessioninfo id="ZMacBookPro.local-c104fa52" start="1543596749890" dump="1543596750520"/><sessioninfo id="ZMacBookPro.local-9b4fa237" start="1543596751027" dump="1543596751576"/><sessioninfo id="ZMacBookPro.local-cce57d95" start="1543596752923" dump="1543596753043"/><sessioninfo id="ZMacBookPro.local-40798160" start="1543596753249" dump="1543596753447"/><sessioninfo id="ZMacBookPro.local-417d2291" start="1543596753660" dump="1543596763575"/><sessioninfo id="ZMacBookPro.local-6c954fb3" start="1543596763700" dump="1543596764604"/><sessioninfo id="ZMacBookPro.local-126744dd" start="1543596752077" dump="1543596764657"/><sessioninfo id="ZMacBookPro.local-8a8bb5e8" start="1543596765193" dump="1543596765670"/><sessioninfo id="ZMacBookPro.local-dfd3fd87" start="1543596766222" dump="1543596766758"/></report>